{"/Users/marwankabir/Desktop/PantryPal/Team6/server/divide.js": {"path":"/Users/marwankabir/Desktop/PantryPal/Team6/server/divide.js","statementMap":{"0":{"start":{"line":2,"column":4},"end":{"line":4,"column":5}},"1":{"start":{"line":3,"column":6},"end":{"line":3,"column":47}},"2":{"start":{"line":5,"column":4},"end":{"line":5,"column":17}},"3":{"start":{"line":7,"column":2},"end":{"line":7,"column":26}}},"fnMap":{"0":{"name":"divide","decl":{"start":{"line":1,"column":9},"end":{"line":1,"column":15}},"loc":{"start":{"line":1,"column":22},"end":{"line":6,"column":3}},"line":1}},"branchMap":{"0":{"loc":{"start":{"line":2,"column":4},"end":{"line":4,"column":5}},"type":"if","locations":[{"start":{"line":2,"column":4},"end":{"line":4,"column":5}},{"start":{},"end":{}}],"line":2}},"s":{"0":2,"1":1,"2":1,"3":1},"f":{"0":2},"b":{"0":[1,1]},"_coverageSchema":"1a1c01bbd47fc00a2c39e90264f33305004495a9","hash":"88a393f8ae7876dcfd90597d1994491dc7df9b12"}
,"/Users/marwankabir/Desktop/PantryPal/Team6/server/multiply.js": {"path":"/Users/marwankabir/Desktop/PantryPal/Team6/server/multiply.js","statementMap":{"0":{"start":{"line":2,"column":4},"end":{"line":2,"column":17}},"1":{"start":{"line":4,"column":2},"end":{"line":4,"column":28}}},"fnMap":{"0":{"name":"multiply","decl":{"start":{"line":1,"column":9},"end":{"line":1,"column":17}},"loc":{"start":{"line":1,"column":24},"end":{"line":3,"column":3}},"line":1}},"branchMap":{},"s":{"0":1,"1":1},"f":{"0":1},"b":{},"_coverageSchema":"1a1c01bbd47fc00a2c39e90264f33305004495a9","hash":"a82983766be4af57b512696170f280902f98caa7"}
,"/Users/marwankabir/Desktop/PantryPal/Team6/server/server.js": {"path":"/Users/marwankabir/Desktop/PantryPal/Team6/server/server.js","statementMap":{"0":{"start":{"line":1,"column":0},"end":{"line":1,"column":27}},"1":{"start":{"line":3,"column":16},"end":{"line":3,"column":34}},"2":{"start":{"line":4,"column":13},"end":{"line":4,"column":28}},"3":{"start":{"line":5,"column":15},"end":{"line":5,"column":34}},"4":{"start":{"line":6,"column":12},"end":{"line":6,"column":35}},"5":{"start":{"line":7,"column":17},"end":{"line":7,"column":30}},"6":{"start":{"line":8,"column":35},"end":{"line":8,"column":63}},"7":{"start":{"line":10,"column":12},"end":{"line":10,"column":21}},"8":{"start":{"line":12,"column":0},"end":{"line":12,"column":16}},"9":{"start":{"line":13,"column":0},"end":{"line":13,"column":24}},"10":{"start":{"line":16,"column":0},"end":{"line":22,"column":3}},"11":{"start":{"line":25,"column":13},"end":{"line":32,"column":2}},"12":{"start":{"line":35,"column":0},"end":{"line":35,"column":68}},"13":{"start":{"line":36,"column":0},"end":{"line":41,"column":3}},"14":{"start":{"line":44,"column":0},"end":{"line":46,"column":3}},"15":{"start":{"line":45,"column":2},"end":{"line":45,"column":40}},"16":{"start":{"line":49,"column":0},"end":{"line":79,"column":2}},"17":{"start":{"line":56,"column":19},"end":{"line":56,"column":40}},"18":{"start":{"line":57,"column":4},"end":{"line":59,"column":5}},"19":{"start":{"line":58,"column":6},"end":{"line":58,"column":62}},"20":{"start":{"line":61,"column":32},"end":{"line":61,"column":40}},"21":{"start":{"line":63,"column":4},"end":{"line":77,"column":5}},"22":{"start":{"line":64,"column":19},"end":{"line":64,"column":84}},"23":{"start":{"line":65,"column":6},"end":{"line":67,"column":7}},"24":{"start":{"line":66,"column":8},"end":{"line":66,"column":73}},"25":{"start":{"line":69,"column":29},"end":{"line":69,"column":60}},"26":{"start":{"line":71,"column":6},"end":{"line":71,"column":103}},"27":{"start":{"line":73,"column":6},"end":{"line":73,"column":72}},"28":{"start":{"line":75,"column":6},"end":{"line":75,"column":25}},"29":{"start":{"line":76,"column":6},"end":{"line":76,"column":56}},"30":{"start":{"line":82,"column":0},"end":{"line":115,"column":2}},"31":{"start":{"line":89,"column":19},"end":{"line":89,"column":40}},"32":{"start":{"line":90,"column":4},"end":{"line":92,"column":5}},"33":{"start":{"line":91,"column":6},"end":{"line":91,"column":62}},"34":{"start":{"line":94,"column":32},"end":{"line":94,"column":40}},"35":{"start":{"line":96,"column":4},"end":{"line":113,"column":5}},"36":{"start":{"line":97,"column":19},"end":{"line":97,"column":84}},"37":{"start":{"line":98,"column":6},"end":{"line":100,"column":7}},"38":{"start":{"line":99,"column":8},"end":{"line":99,"column":72}},"39":{"start":{"line":102,"column":22},"end":{"line":102,"column":75}},"40":{"start":{"line":103,"column":6},"end":{"line":105,"column":7}},"41":{"start":{"line":104,"column":8},"end":{"line":104,"column":72}},"42":{"start":{"line":107,"column":20},"end":{"line":107,"column":102}},"43":{"start":{"line":109,"column":6},"end":{"line":109,"column":55}},"44":{"start":{"line":111,"column":6},"end":{"line":111,"column":25}},"45":{"start":{"line":112,"column":6},"end":{"line":112,"column":56}},"46":{"start":{"line":117,"column":0},"end":{"line":117,"column":21}},"47":{"start":{"line":118,"column":0},"end":{"line":123,"column":1}},"48":{"start":{"line":119,"column":15},"end":{"line":119,"column":39}},"49":{"start":{"line":120,"column":2},"end":{"line":122,"column":5}},"50":{"start":{"line":121,"column":4},"end":{"line":121,"column":50}}},"fnMap":{"0":{"name":"(anonymous_0)","decl":{"start":{"line":44,"column":21},"end":{"line":44,"column":22}},"loc":{"start":{"line":44,"column":35},"end":{"line":46,"column":1}},"line":44},"1":{"name":"(anonymous_1)","decl":{"start":{"line":55,"column":2},"end":{"line":55,"column":3}},"loc":{"start":{"line":55,"column":22},"end":{"line":78,"column":3}},"line":55},"2":{"name":"(anonymous_2)","decl":{"start":{"line":88,"column":2},"end":{"line":88,"column":3}},"loc":{"start":{"line":88,"column":22},"end":{"line":114,"column":3}},"line":88},"3":{"name":"(anonymous_3)","decl":{"start":{"line":120,"column":19},"end":{"line":120,"column":20}},"loc":{"start":{"line":120,"column":25},"end":{"line":122,"column":3}},"line":120}},"branchMap":{"0":{"loc":{"start":{"line":57,"column":4},"end":{"line":59,"column":5}},"type":"if","locations":[{"start":{"line":57,"column":4},"end":{"line":59,"column":5}},{"start":{},"end":{}}],"line":57},"1":{"loc":{"start":{"line":65,"column":6},"end":{"line":67,"column":7}},"type":"if","locations":[{"start":{"line":65,"column":6},"end":{"line":67,"column":7}},{"start":{},"end":{}}],"line":65},"2":{"loc":{"start":{"line":90,"column":4},"end":{"line":92,"column":5}},"type":"if","locations":[{"start":{"line":90,"column":4},"end":{"line":92,"column":5}},{"start":{},"end":{}}],"line":90},"3":{"loc":{"start":{"line":98,"column":6},"end":{"line":100,"column":7}},"type":"if","locations":[{"start":{"line":98,"column":6},"end":{"line":100,"column":7}},{"start":{},"end":{}}],"line":98},"4":{"loc":{"start":{"line":103,"column":6},"end":{"line":105,"column":7}},"type":"if","locations":[{"start":{"line":103,"column":6},"end":{"line":105,"column":7}},{"start":{},"end":{}}],"line":103},"5":{"loc":{"start":{"line":118,"column":0},"end":{"line":123,"column":1}},"type":"if","locations":[{"start":{"line":118,"column":0},"end":{"line":123,"column":1}},{"start":{},"end":{}}],"line":118},"6":{"loc":{"start":{"line":119,"column":15},"end":{"line":119,"column":39}},"type":"binary-expr","locations":[{"start":{"line":119,"column":15},"end":{"line":119,"column":31}},{"start":{"line":119,"column":35},"end":{"line":119,"column":39}}],"line":119}},"s":{"0":1,"1":1,"2":1,"3":1,"4":1,"5":1,"6":1,"7":1,"8":1,"9":1,"10":1,"11":1,"12":1,"13":1,"14":1,"15":0,"16":1,"17":1,"18":1,"19":0,"20":1,"21":1,"22":1,"23":1,"24":1,"25":0,"26":0,"27":0,"28":0,"29":0,"30":1,"31":2,"32":2,"33":0,"34":2,"35":2,"36":2,"37":2,"38":1,"39":1,"40":1,"41":0,"42":1,"43":1,"44":0,"45":0,"46":1,"47":1,"48":0,"49":0,"50":0},"f":{"0":0,"1":1,"2":2,"3":0},"b":{"0":[0,1],"1":[1,0],"2":[0,2],"3":[1,1],"4":[0,1],"5":[0,1],"6":[0,0]},"_coverageSchema":"1a1c01bbd47fc00a2c39e90264f33305004495a9","hash":"a07f13bdeeb4dcde3a9b9721a35ce18976fcc1d6"}
,"/Users/marwankabir/Desktop/PantryPal/Team6/server/subtract.js": {"path":"/Users/marwankabir/Desktop/PantryPal/Team6/server/subtract.js","statementMap":{"0":{"start":{"line":2,"column":4},"end":{"line":2,"column":17}},"1":{"start":{"line":4,"column":2},"end":{"line":4,"column":28}}},"fnMap":{"0":{"name":"subtract","decl":{"start":{"line":1,"column":9},"end":{"line":1,"column":17}},"loc":{"start":{"line":1,"column":24},"end":{"line":3,"column":3}},"line":1}},"branchMap":{},"s":{"0":1,"1":1},"f":{"0":1},"b":{},"_coverageSchema":"1a1c01bbd47fc00a2c39e90264f33305004495a9","hash":"ab6a5425ae2de8efc15891a3f7848e5d923dac46"}
,"/Users/marwankabir/Desktop/PantryPal/Team6/server/sum.js": {"path":"/Users/marwankabir/Desktop/PantryPal/Team6/server/sum.js","statementMap":{"0":{"start":{"line":2,"column":4},"end":{"line":2,"column":17}},"1":{"start":{"line":4,"column":2},"end":{"line":4,"column":23}}},"fnMap":{"0":{"name":"sum","decl":{"start":{"line":1,"column":9},"end":{"line":1,"column":12}},"loc":{"start":{"line":1,"column":19},"end":{"line":3,"column":3}},"line":1}},"branchMap":{},"s":{"0":1,"1":1},"f":{"0":1},"b":{},"_coverageSchema":"1a1c01bbd47fc00a2c39e90264f33305004495a9","hash":"55fab736cd0157ed7e5c57ad587314fd14757afa"}
}
