{"/Users/andy/Desktop/Personal Projects/Team6/server/db.js": {"path":"/Users/andy/Desktop/Personal Projects/Team6/server/db.js","statementMap":{"0":{"start":{"line":2,"column":0},"end":{"line":2,"column":27}},"1":{"start":{"line":3,"column":17},"end":{"line":3,"column":30}},"2":{"start":{"line":6,"column":13},"end":{"line":15,"column":2}},"3":{"start":{"line":17,"column":0},"end":{"line":19,"column":2}},"4":{"start":{"line":18,"column":29},"end":{"line":18,"column":53}}},"fnMap":{"0":{"name":"(anonymous_0)","decl":{"start":{"line":18,"column":11},"end":{"line":18,"column":12}},"loc":{"start":{"line":18,"column":29},"end":{"line":18,"column":53}},"line":18}},"branchMap":{},"s":{"0":1,"1":1,"2":1,"3":1,"4":0},"f":{"0":0},"b":{},"_coverageSchema":"1a1c01bbd47fc00a2c39e90264f33305004495a9","hash":"f247a84930f3fd4df3492803676b262c3e26c932"}
,"/Users/andy/Desktop/Personal Projects/Team6/server/email_noti/email.js": {"path":"/Users/andy/Desktop/Personal Projects/Team6/server/email_noti/email.js","statementMap":{"0":{"start":{"line":1,"column":19},"end":{"line":1,"column":40}},"1":{"start":{"line":2,"column":11},"end":{"line":2,"column":27}},"2":{"start":{"line":3,"column":0},"end":{"line":3,"column":27}},"3":{"start":{"line":4,"column":14},"end":{"line":4,"column":30}},"4":{"start":{"line":6,"column":18},"end":{"line":6,"column":67}},"5":{"start":{"line":8,"column":20},"end":{"line":14,"column":2}},"6":{"start":{"line":17,"column":4},"end":{"line":23,"column":7}},"7":{"start":{"line":18,"column":8},"end":{"line":22,"column":9}},"8":{"start":{"line":19,"column":12},"end":{"line":19,"column":62}},"9":{"start":{"line":21,"column":12},"end":{"line":21,"column":68}},"10":{"start":{"line":28,"column":4},"end":{"line":72,"column":5}},"11":{"start":{"line":29,"column":8},"end":{"line":29,"column":28}},"12":{"start":{"line":31,"column":25},"end":{"line":31,"column":76}},"13":{"start":{"line":33,"column":22},"end":{"line":33,"column":35}},"14":{"start":{"line":35,"column":8},"end":{"line":69,"column":9}},"15":{"start":{"line":36,"column":12},"end":{"line":66,"column":13}},"16":{"start":{"line":37,"column":16},"end":{"line":65,"column":17}},"17":{"start":{"line":38,"column":41},"end":{"line":38,"column":43}},"18":{"start":{"line":40,"column":20},"end":{"line":42,"column":21}},"19":{"start":{"line":41,"column":24},"end":{"line":41,"column":125}},"20":{"start":{"line":44,"column":36},"end":{"line":49,"column":21}},"21":{"start":{"line":51,"column":40},"end":{"line":56,"column":21}},"22":{"start":{"line":58,"column":20},"end":{"line":64,"column":23}},"23":{"start":{"line":59,"column":24},"end":{"line":63,"column":25}},"24":{"start":{"line":60,"column":28},"end":{"line":60,"column":71}},"25":{"start":{"line":62,"column":28},"end":{"line":62,"column":72}},"26":{"start":{"line":68,"column":12},"end":{"line":68,"column":65}},"27":{"start":{"line":71,"column":8},"end":{"line":71,"column":67}},"28":{"start":{"line":75,"column":0},"end":{"line":75,"column":58}}},"fnMap":{"0":{"name":"verifyTransporter","decl":{"start":{"line":16,"column":9},"end":{"line":16,"column":26}},"loc":{"start":{"line":16,"column":29},"end":{"line":24,"column":1}},"line":16},"1":{"name":"(anonymous_1)","decl":{"start":{"line":17,"column":23},"end":{"line":17,"column":24}},"loc":{"start":{"line":17,"column":49},"end":{"line":23,"column":5}},"line":17},"2":{"name":"checkAndSendEmail","decl":{"start":{"line":27,"column":15},"end":{"line":27,"column":32}},"loc":{"start":{"line":27,"column":35},"end":{"line":73,"column":1}},"line":27},"3":{"name":"(anonymous_3)","decl":{"start":{"line":58,"column":54},"end":{"line":58,"column":55}},"loc":{"start":{"line":58,"column":77},"end":{"line":64,"column":21}},"line":58}},"branchMap":{"0":{"loc":{"start":{"line":6,"column":18},"end":{"line":6,"column":67}},"type":"binary-expr","locations":[{"start":{"line":6,"column":18},"end":{"line":6,"column":40}},{"start":{"line":6,"column":44},"end":{"line":6,"column":67}}],"line":6},"1":{"loc":{"start":{"line":18,"column":8},"end":{"line":22,"column":9}},"type":"if","locations":[{"start":{"line":18,"column":8},"end":{"line":22,"column":9}},{"start":{"line":20,"column":15},"end":{"line":22,"column":9}}],"line":18},"2":{"loc":{"start":{"line":35,"column":8},"end":{"line":69,"column":9}},"type":"if","locations":[{"start":{"line":35,"column":8},"end":{"line":69,"column":9}},{"start":{"line":67,"column":15},"end":{"line":69,"column":9}}],"line":35},"3":{"loc":{"start":{"line":37,"column":16},"end":{"line":65,"column":17}},"type":"if","locations":[{"start":{"line":37,"column":16},"end":{"line":65,"column":17}},{"start":{},"end":{}}],"line":37},"4":{"loc":{"start":{"line":59,"column":24},"end":{"line":63,"column":25}},"type":"if","locations":[{"start":{"line":59,"column":24},"end":{"line":63,"column":25}},{"start":{"line":61,"column":31},"end":{"line":63,"column":25}}],"line":59}},"s":{"0":1,"1":1,"2":1,"3":1,"4":1,"5":1,"6":0,"7":0,"8":0,"9":0,"10":0,"11":0,"12":0,"13":0,"14":0,"15":0,"16":0,"17":0,"18":0,"19":0,"20":0,"21":0,"22":0,"23":0,"24":0,"25":0,"26":0,"27":0,"28":1},"f":{"0":0,"1":0,"2":0,"3":0},"b":{"0":[1,0],"1":[0,0],"2":[0,0],"3":[0,0],"4":[0,0]},"_coverageSchema":"1a1c01bbd47fc00a2c39e90264f33305004495a9","hash":"714a4e9325267c4c72f2b49add49810bf86c7281"}
}
