TN:
SF:db.js
FN:18,(anonymous_0)
FNF:1
FNH:0
FNDA:0,(anonymous_0)
DA:2,1
DA:3,1
DA:6,1
DA:17,1
DA:18,0
LF:5
LH:4
BRF:0
BRH:0
end_of_record
TN:
SF:email.js
FN:14,verifyTransporter
FN:15,(anonymous_1)
FN:24,checkAndSendEmail
FN:59,(anonymous_3)
FNF:4
FNH:2
FNDA:1,verifyTransporter
FNDA:0,(anonymous_1)
FNDA:1,checkAndSendEmail
FNDA:0,(anonymous_3)
DA:1,1
DA:2,1
DA:3,1
DA:6,1
DA:15,1
DA:16,0
DA:17,0
DA:19,0
DA:25,1
DA:26,1
DA:27,0
DA:35,0
DA:37,0
DA:38,0
DA:40,0
DA:41,0
DA:44,0
DA:45,0
DA:52,0
DA:59,0
DA:60,0
DA:61,0
DA:63,0
DA:68,0
DA:71,1
DA:75,1
LF:26
LH:9
BRDA:16,0,0,0
BRDA:16,0,1,0
BRDA:37,1,0,0
BRDA:37,1,1,0
BRDA:44,2,0,0
BRDA:44,2,1,0
BRDA:60,3,0,0
BRDA:60,3,1,0
BRF:8
BRH:0
end_of_record
