TN:
SF:db.js
FN:18,(anonymous_0)
FNF:1
FNH:0
FNDA:0,(anonymous_0)
DA:2,1
DA:3,1
DA:6,1
DA:17,1
DA:18,0
LF:5
LH:4
BRF:0
BRH:0
end_of_record
TN:
SF:email_noti/email.js
FN:16,verifyTransporter
FN:17,(anonymous_1)
FN:27,checkAndSendEmail
FN:58,(anonymous_3)
FNF:4
FNH:0
FNDA:0,verifyTransporter
FNDA:0,(anonymous_1)
FNDA:0,checkAndSendEmail
FNDA:0,(anonymous_3)
DA:1,1
DA:2,1
DA:3,1
DA:4,1
DA:6,1
DA:8,1
DA:17,0
DA:18,0
DA:19,0
DA:21,0
DA:28,0
DA:29,0
DA:31,0
DA:33,0
DA:35,0
DA:36,0
DA:37,0
DA:38,0
DA:40,0
DA:41,0
DA:44,0
DA:51,0
DA:58,0
DA:59,0
DA:60,0
DA:62,0
DA:68,0
DA:71,0
DA:75,1
LF:29
LH:7
BRDA:6,0,0,1
BRDA:6,0,1,0
BRDA:18,1,0,0
BRDA:18,1,1,0
BRDA:35,2,0,0
BRDA:35,2,1,0
BRDA:37,3,0,0
BRDA:37,3,1,0
BRDA:59,4,0,0
BRDA:59,4,1,0
BRF:10
BRH:1
end_of_record
