{"/Users/marwankabir/Desktop/Team6/server/db.js": {"path":"/Users/marwankabir/Desktop/Team6/server/db.js","statementMap":{"0":{"start":{"line":2,"column":0},"end":{"line":2,"column":27}},"1":{"start":{"line":3,"column":17},"end":{"line":3,"column":30}},"2":{"start":{"line":6,"column":13},"end":{"line":15,"column":2}},"3":{"start":{"line":17,"column":0},"end":{"line":19,"column":2}},"4":{"start":{"line":18,"column":29},"end":{"line":18,"column":53}}},"fnMap":{"0":{"name":"(anonymous_0)","decl":{"start":{"line":18,"column":11},"end":{"line":18,"column":12}},"loc":{"start":{"line":18,"column":29},"end":{"line":18,"column":53}},"line":18}},"branchMap":{},"s":{"0":7,"1":7,"2":7,"3":7,"4":0},"f":{"0":0},"b":{},"_coverageSchema":"1a1c01bbd47fc00a2c39e90264f33305004495a9","hash":"1d95f74e170aebe5d181ef491ce308e98777653b"}
,"/Users/marwankabir/Desktop/Team6/server/register.js": {"path":"/Users/marwankabir/Desktop/Team6/server/register.js","statementMap":{"0":{"start":{"line":1,"column":16},"end":{"line":1,"column":34}},"1":{"start":{"line":2,"column":15},"end":{"line":2,"column":32}},"2":{"start":{"line":3,"column":11},"end":{"line":3,"column":26}},"3":{"start":{"line":4,"column":15},"end":{"line":4,"column":31}},"4":{"start":{"line":6,"column":0},"end":{"line":100,"column":3}},"5":{"start":{"line":7,"column":4},"end":{"line":7,"column":85}},"6":{"start":{"line":8,"column":106},"end":{"line":8,"column":114}},"7":{"start":{"line":10,"column":4},"end":{"line":99,"column":5}},"8":{"start":{"line":12,"column":32},"end":{"line":12,"column":70}},"9":{"start":{"line":13,"column":27},"end":{"line":13,"column":67}},"10":{"start":{"line":14,"column":8},"end":{"line":16,"column":9}},"11":{"start":{"line":15,"column":12},"end":{"line":15,"column":77}},"12":{"start":{"line":19,"column":31},"end":{"line":19,"column":62}},"13":{"start":{"line":20,"column":32},"end":{"line":20,"column":103}},"14":{"start":{"line":21,"column":27},"end":{"line":21,"column":83}},"15":{"start":{"line":22,"column":23},"end":{"line":22,"column":49}},"16":{"start":{"line":25,"column":35},"end":{"line":25,"column":137}},"17":{"start":{"line":26,"column":8},"end":{"line":26,"column":94}},"18":{"start":{"line":29,"column":8},"end":{"line":46,"column":9}},"19":{"start":{"line":30,"column":12},"end":{"line":45,"column":13}},"20":{"start":{"line":31,"column":16},"end":{"line":44,"column":17}},"21":{"start":{"line":32,"column":76},"end":{"line":32,"column":86}},"22":{"start":{"line":33,"column":48},"end":{"line":33,"column":103}},"23":{"start":{"line":34,"column":45},"end":{"line":34,"column":98}},"24":{"start":{"line":35,"column":20},"end":{"line":41,"column":21}},"25":{"start":{"line":36,"column":45},"end":{"line":36,"column":83}},"26":{"start":{"line":37,"column":58},"end":{"line":37,"column":248}},"27":{"start":{"line":38,"column":24},"end":{"line":38,"column":107}},"28":{"start":{"line":40,"column":24},"end":{"line":40,"column":79}},"29":{"start":{"line":43,"column":20},"end":{"line":43,"column":82}},"30":{"start":{"line":49,"column":8},"end":{"line":58,"column":9}},"31":{"start":{"line":50,"column":12},"end":{"line":57,"column":13}},"32":{"start":{"line":51,"column":16},"end":{"line":56,"column":17}},"33":{"start":{"line":52,"column":48},"end":{"line":52,"column":135}},"34":{"start":{"line":53,"column":20},"end":{"line":53,"column":76}},"35":{"start":{"line":55,"column":20},"end":{"line":55,"column":78}},"36":{"start":{"line":61,"column":8},"end":{"line":93,"column":9}},"37":{"start":{"line":62,"column":105},"end":{"line":62,"column":121}},"38":{"start":{"line":65,"column":31},"end":{"line":65,"column":71}},"39":{"start":{"line":65,"column":43},"end":{"line":65,"column":70}},"40":{"start":{"line":67,"column":41},"end":{"line":81,"column":13}},"41":{"start":{"line":82,"column":12},"end":{"line":92,"column":15}},"42":{"start":{"line":95,"column":8},"end":{"line":95,"column":74}},"43":{"start":{"line":97,"column":8},"end":{"line":97,"column":52}},"44":{"start":{"line":98,"column":8},"end":{"line":98,"column":105}},"45":{"start":{"line":102,"column":0},"end":{"line":102,"column":24}}},"fnMap":{"0":{"name":"(anonymous_0)","decl":{"start":{"line":6,"column":17},"end":{"line":6,"column":18}},"loc":{"start":{"line":6,"column":37},"end":{"line":100,"column":1}},"line":6},"1":{"name":"(anonymous_1)","decl":{"start":{"line":65,"column":31},"end":{"line":65,"column":32}},"loc":{"start":{"line":65,"column":43},"end":{"line":65,"column":70}},"line":65}},"branchMap":{"0":{"loc":{"start":{"line":14,"column":8},"end":{"line":16,"column":9}},"type":"if","locations":[{"start":{"line":14,"column":8},"end":{"line":16,"column":9}},{"start":{},"end":{}}],"line":14},"1":{"loc":{"start":{"line":29,"column":8},"end":{"line":46,"column":9}},"type":"if","locations":[{"start":{"line":29,"column":8},"end":{"line":46,"column":9}},{"start":{},"end":{}}],"line":29},"2":{"loc":{"start":{"line":29,"column":12},"end":{"line":29,"column":49}},"type":"binary-expr","locations":[{"start":{"line":29,"column":12},"end":{"line":29,"column":23}},{"start":{"line":29,"column":27},"end":{"line":29,"column":49}}],"line":29},"3":{"loc":{"start":{"line":35,"column":20},"end":{"line":41,"column":21}},"type":"if","locations":[{"start":{"line":35,"column":20},"end":{"line":41,"column":21}},{"start":{"line":39,"column":27},"end":{"line":41,"column":21}}],"line":35},"4":{"loc":{"start":{"line":49,"column":8},"end":{"line":58,"column":9}},"type":"if","locations":[{"start":{"line":49,"column":8},"end":{"line":58,"column":9}},{"start":{},"end":{}}],"line":49},"5":{"loc":{"start":{"line":49,"column":12},"end":{"line":49,"column":41}},"type":"binary-expr","locations":[{"start":{"line":49,"column":12},"end":{"line":49,"column":19}},{"start":{"line":49,"column":23},"end":{"line":49,"column":41}}],"line":49},"6":{"loc":{"start":{"line":61,"column":8},"end":{"line":93,"column":9}},"type":"if","locations":[{"start":{"line":61,"column":8},"end":{"line":93,"column":9}},{"start":{},"end":{}}],"line":61},"7":{"loc":{"start":{"line":65,"column":43},"end":{"line":65,"column":70}},"type":"cond-expr","locations":[{"start":{"line":65,"column":58},"end":{"line":65,"column":62}},{"start":{"line":65,"column":65},"end":{"line":65,"column":70}}],"line":65}},"s":{"0":6,"1":6,"2":6,"3":6,"4":6,"5":8,"6":8,"7":8,"8":8,"9":8,"10":8,"11":1,"12":5,"13":5,"14":5,"15":4,"16":4,"17":4,"18":4,"19":3,"20":3,"21":3,"22":3,"23":3,"24":2,"25":2,"26":2,"27":2,"28":0,"29":1,"30":4,"31":3,"32":6,"33":6,"34":6,"35":0,"36":4,"37":3,"38":3,"39":24,"40":3,"41":3,"42":4,"43":3,"44":3,"45":6},"f":{"0":8,"1":24},"b":{"0":[1,5],"1":[3,1],"2":[4,3],"3":[2,0],"4":[3,1],"5":[4,3],"6":[3,1],"7":[4,20]},"_coverageSchema":"1a1c01bbd47fc00a2c39e90264f33305004495a9","hash":"76015aaa8acd4f97a28672b239cedacc78053e83"}
,"/Users/marwankabir/Desktop/Team6/server/server.js": {"path":"/Users/marwankabir/Desktop/Team6/server/server.js","statementMap":{"0":{"start":{"line":1,"column":16},"end":{"line":1,"column":34}},"1":{"start":{"line":2,"column":13},"end":{"line":2,"column":28}},"2":{"start":{"line":3,"column":15},"end":{"line":3,"column":32}},"3":{"start":{"line":4,"column":12},"end":{"line":4,"column":35}},"4":{"start":{"line":5,"column":11},"end":{"line":5,"column":26}},"5":{"start":{"line":6,"column":30},"end":{"line":6,"column":59}},"6":{"start":{"line":7,"column":25},"end":{"line":7,"column":59}},"7":{"start":{"line":8,"column":29},"end":{"line":8,"column":68}},"8":{"start":{"line":9,"column":30},"end":{"line":9,"column":70}},"9":{"start":{"line":10,"column":30},"end":{"line":10,"column":70}},"10":{"start":{"line":11,"column":25},"end":{"line":11,"column":58}},"11":{"start":{"line":12,"column":28},"end":{"line":12,"column":64}},"12":{"start":{"line":13,"column":21},"end":{"line":13,"column":51}},"13":{"start":{"line":14,"column":21},"end":{"line":14,"column":46}},"14":{"start":{"line":15,"column":21},"end":{"line":15,"column":46}},"15":{"start":{"line":16,"column":24},"end":{"line":16,"column":52}},"16":{"start":{"line":17,"column":26},"end":{"line":17,"column":61}},"17":{"start":{"line":18,"column":29},"end":{"line":18,"column":67}},"18":{"start":{"line":19,"column":35},"end":{"line":19,"column":63}},"19":{"start":{"line":20,"column":31},"end":{"line":20,"column":63}},"20":{"start":{"line":21,"column":12},"end":{"line":21,"column":21}},"21":{"start":{"line":22,"column":22},"end":{"line":22,"column":43}},"22":{"start":{"line":23,"column":23},"end":{"line":23,"column":57}},"23":{"start":{"line":26,"column":20},"end":{"line":30,"column":1}},"24":{"start":{"line":33,"column":0},"end":{"line":33,"column":27}},"25":{"start":{"line":34,"column":0},"end":{"line":34,"column":24}},"26":{"start":{"line":37,"column":0},"end":{"line":37,"column":24}},"27":{"start":{"line":39,"column":0},"end":{"line":41,"column":3}},"28":{"start":{"line":40,"column":4},"end":{"line":40,"column":42}},"29":{"start":{"line":43,"column":26},"end":{"line":54,"column":1}},"30":{"start":{"line":44,"column":18},"end":{"line":44,"column":46}},"31":{"start":{"line":45,"column":4},"end":{"line":45,"column":43}},"32":{"start":{"line":45,"column":16},"end":{"line":45,"column":43}},"33":{"start":{"line":47,"column":4},"end":{"line":53,"column":7}},"34":{"start":{"line":48,"column":8},"end":{"line":50,"column":9}},"35":{"start":{"line":49,"column":12},"end":{"line":49,"column":39}},"36":{"start":{"line":51,"column":8},"end":{"line":51,"column":24}},"37":{"start":{"line":52,"column":8},"end":{"line":52,"column":15}},"38":{"start":{"line":57,"column":0},"end":{"line":57,"column":40}},"39":{"start":{"line":58,"column":0},"end":{"line":58,"column":45}},"40":{"start":{"line":59,"column":0},"end":{"line":59,"column":55}},"41":{"start":{"line":60,"column":0},"end":{"line":60,"column":63}},"42":{"start":{"line":61,"column":0},"end":{"line":61,"column":63}},"43":{"start":{"line":62,"column":0},"end":{"line":62,"column":48}},"44":{"start":{"line":63,"column":0},"end":{"line":63,"column":54}},"45":{"start":{"line":64,"column":0},"end":{"line":64,"column":40}},"46":{"start":{"line":65,"column":0},"end":{"line":65,"column":41}},"47":{"start":{"line":66,"column":0},"end":{"line":66,"column":46}},"48":{"start":{"line":67,"column":0},"end":{"line":67,"column":48}},"49":{"start":{"line":68,"column":0},"end":{"line":68,"column":52}},"50":{"start":{"line":69,"column":0},"end":{"line":69,"column":49}},"51":{"start":{"line":70,"column":0},"end":{"line":70,"column":55}},"52":{"start":{"line":74,"column":0},"end":{"line":100,"column":3}},"53":{"start":{"line":75,"column":32},"end":{"line":75,"column":40}},"54":{"start":{"line":77,"column":4},"end":{"line":99,"column":5}},"55":{"start":{"line":78,"column":23},"end":{"line":78,"column":86}},"56":{"start":{"line":80,"column":8},"end":{"line":82,"column":9}},"57":{"start":{"line":81,"column":12},"end":{"line":81,"column":82}},"58":{"start":{"line":84,"column":21},"end":{"line":84,"column":35}},"59":{"start":{"line":86,"column":30},"end":{"line":86,"column":75}},"60":{"start":{"line":87,"column":8},"end":{"line":89,"column":9}},"61":{"start":{"line":88,"column":12},"end":{"line":88,"column":82}},"62":{"start":{"line":91,"column":22},"end":{"line":93,"column":10}},"63":{"start":{"line":95,"column":8},"end":{"line":95,"column":28}},"64":{"start":{"line":97,"column":8},"end":{"line":97,"column":43}},"65":{"start":{"line":98,"column":8},"end":{"line":98,"column":56}},"66":{"start":{"line":103,"column":0},"end":{"line":105,"column":3}},"67":{"start":{"line":104,"column":4},"end":{"line":104,"column":82}},"68":{"start":{"line":107,"column":0},"end":{"line":115,"column":3}},"69":{"start":{"line":108,"column":4},"end":{"line":114,"column":5}},"70":{"start":{"line":109,"column":23},"end":{"line":109,"column":89}},"71":{"start":{"line":110,"column":8},"end":{"line":110,"column":42}},"72":{"start":{"line":112,"column":8},"end":{"line":112,"column":43}},"73":{"start":{"line":113,"column":8},"end":{"line":113,"column":79}},"74":{"start":{"line":117,"column":0},"end":{"line":160,"column":3}},"75":{"start":{"line":118,"column":4},"end":{"line":159,"column":5}},"76":{"start":{"line":119,"column":23},"end":{"line":126,"column":10}},"77":{"start":{"line":128,"column":22},"end":{"line":128,"column":33}},"78":{"start":{"line":130,"column":8},"end":{"line":155,"column":9}},"79":{"start":{"line":131,"column":36},"end":{"line":131,"column":38}},"80":{"start":{"line":132,"column":12},"end":{"line":144,"column":15}},"81":{"start":{"line":133,"column":32},"end":{"line":133,"column":70}},"82":{"start":{"line":134,"column":16},"end":{"line":139,"column":17}},"83":{"start":{"line":135,"column":20},"end":{"line":138,"column":22}},"84":{"start":{"line":140,"column":16},"end":{"line":143,"column":19}},"85":{"start":{"line":146,"column":29},"end":{"line":150,"column":15}},"86":{"start":{"line":146,"column":71},"end":{"line":150,"column":13}},"87":{"start":{"line":152,"column":12},"end":{"line":152,"column":31}},"88":{"start":{"line":154,"column":12},"end":{"line":154,"column":25}},"89":{"start":{"line":157,"column":8},"end":{"line":157,"column":55}},"90":{"start":{"line":158,"column":8},"end":{"line":158,"column":67}},"91":{"start":{"line":163,"column":0},"end":{"line":169,"column":1}},"92":{"start":{"line":164,"column":17},"end":{"line":164,"column":41}},"93":{"start":{"line":165,"column":4},"end":{"line":168,"column":7}},"94":{"start":{"line":166,"column":8},"end":{"line":166,"column":54}},"95":{"start":{"line":167,"column":8},"end":{"line":167,"column":29}},"96":{"start":{"line":171,"column":0},"end":{"line":171,"column":21}}},"fnMap":{"0":{"name":"(anonymous_0)","decl":{"start":{"line":39,"column":21},"end":{"line":39,"column":22}},"loc":{"start":{"line":39,"column":35},"end":{"line":41,"column":1}},"line":39},"1":{"name":"(anonymous_1)","decl":{"start":{"line":43,"column":26},"end":{"line":43,"column":27}},"loc":{"start":{"line":43,"column":46},"end":{"line":54,"column":1}},"line":43},"2":{"name":"(anonymous_2)","decl":{"start":{"line":47,"column":60},"end":{"line":47,"column":61}},"loc":{"start":{"line":47,"column":75},"end":{"line":53,"column":5}},"line":47},"3":{"name":"(anonymous_3)","decl":{"start":{"line":74,"column":23},"end":{"line":74,"column":24}},"loc":{"start":{"line":74,"column":43},"end":{"line":100,"column":1}},"line":74},"4":{"name":"(anonymous_4)","decl":{"start":{"line":103,"column":45},"end":{"line":103,"column":46}},"loc":{"start":{"line":103,"column":59},"end":{"line":105,"column":1}},"line":103},"5":{"name":"(anonymous_5)","decl":{"start":{"line":107,"column":26},"end":{"line":107,"column":27}},"loc":{"start":{"line":107,"column":46},"end":{"line":115,"column":1}},"line":107},"6":{"name":"(anonymous_6)","decl":{"start":{"line":117,"column":32},"end":{"line":117,"column":33}},"loc":{"start":{"line":117,"column":52},"end":{"line":160,"column":1}},"line":117},"7":{"name":"(anonymous_7)","decl":{"start":{"line":132,"column":26},"end":{"line":132,"column":27}},"loc":{"start":{"line":132,"column":34},"end":{"line":144,"column":13}},"line":132},"8":{"name":"(anonymous_8)","decl":{"start":{"line":146,"column":62},"end":{"line":146,"column":63}},"loc":{"start":{"line":146,"column":71},"end":{"line":150,"column":13}},"line":146},"9":{"name":"(anonymous_9)","decl":{"start":{"line":165,"column":21},"end":{"line":165,"column":22}},"loc":{"start":{"line":165,"column":27},"end":{"line":168,"column":5}},"line":165}},"branchMap":{"0":{"loc":{"start":{"line":45,"column":4},"end":{"line":45,"column":43}},"type":"if","locations":[{"start":{"line":45,"column":4},"end":{"line":45,"column":43}},{"start":{},"end":{}}],"line":45},"1":{"loc":{"start":{"line":48,"column":8},"end":{"line":50,"column":9}},"type":"if","locations":[{"start":{"line":48,"column":8},"end":{"line":50,"column":9}},{"start":{},"end":{}}],"line":48},"2":{"loc":{"start":{"line":80,"column":8},"end":{"line":82,"column":9}},"type":"if","locations":[{"start":{"line":80,"column":8},"end":{"line":82,"column":9}},{"start":{},"end":{}}],"line":80},"3":{"loc":{"start":{"line":87,"column":8},"end":{"line":89,"column":9}},"type":"if","locations":[{"start":{"line":87,"column":8},"end":{"line":89,"column":9}},{"start":{},"end":{}}],"line":87},"4":{"loc":{"start":{"line":130,"column":8},"end":{"line":155,"column":9}},"type":"if","locations":[{"start":{"line":130,"column":8},"end":{"line":155,"column":9}},{"start":{"line":153,"column":15},"end":{"line":155,"column":9}}],"line":130},"5":{"loc":{"start":{"line":134,"column":16},"end":{"line":139,"column":17}},"type":"if","locations":[{"start":{"line":134,"column":16},"end":{"line":139,"column":17}},{"start":{},"end":{}}],"line":134},"6":{"loc":{"start":{"line":163,"column":0},"end":{"line":169,"column":1}},"type":"if","locations":[{"start":{"line":163,"column":0},"end":{"line":169,"column":1}},{"start":{},"end":{}}],"line":163},"7":{"loc":{"start":{"line":164,"column":17},"end":{"line":164,"column":41}},"type":"binary-expr","locations":[{"start":{"line":164,"column":17},"end":{"line":164,"column":33}},{"start":{"line":164,"column":37},"end":{"line":164,"column":41}}],"line":164}},"s":{"0":6,"1":6,"2":6,"3":6,"4":6,"5":6,"6":6,"7":6,"8":6,"9":6,"10":6,"11":6,"12":6,"13":6,"14":6,"15":6,"16":6,"17":6,"18":6,"19":6,"20":6,"21":6,"22":6,"23":6,"24":6,"25":6,"26":6,"27":6,"28":0,"29":6,"30":0,"31":0,"32":0,"33":0,"34":0,"35":0,"36":0,"37":0,"38":6,"39":6,"40":6,"41":6,"42":6,"43":6,"44":6,"45":6,"46":6,"47":6,"48":6,"49":6,"50":6,"51":6,"52":6,"53":2,"54":2,"55":2,"56":2,"57":1,"58":1,"59":1,"60":1,"61":0,"62":1,"63":1,"64":0,"65":0,"66":6,"67":0,"68":6,"69":0,"70":0,"71":0,"72":0,"73":0,"74":6,"75":0,"76":0,"77":0,"78":0,"79":0,"80":0,"81":0,"82":0,"83":0,"84":0,"85":0,"86":0,"87":0,"88":0,"89":0,"90":0,"91":6,"92":0,"93":0,"94":0,"95":0,"96":6},"f":{"0":0,"1":0,"2":0,"3":2,"4":0,"5":0,"6":0,"7":0,"8":0,"9":0},"b":{"0":[0,0],"1":[0,0],"2":[1,1],"3":[0,1],"4":[0,0],"5":[0,0],"6":[0,6],"7":[0,0]},"_coverageSchema":"1a1c01bbd47fc00a2c39e90264f33305004495a9","hash":"7091107da30e7e843d322c972761e4af49bda4f5"}
,"/Users/marwankabir/Desktop/Team6/server/allergen/allergen.js": {"path":"/Users/marwankabir/Desktop/Team6/server/allergen/allergen.js","statementMap":{"0":{"start":{"line":1,"column":16},"end":{"line":1,"column":34}},"1":{"start":{"line":2,"column":12},"end":{"line":2,"column":35}},"2":{"start":{"line":3,"column":11},"end":{"line":3,"column":27}},"3":{"start":{"line":4,"column":15},"end":{"line":4,"column":31}},"4":{"start":{"line":7,"column":26},"end":{"line":29,"column":1}},"5":{"start":{"line":8,"column":23},"end":{"line":8,"column":51}},"6":{"start":{"line":9,"column":18},"end":{"line":9,"column":56}},"7":{"start":{"line":11,"column":4},"end":{"line":13,"column":5}},"8":{"start":{"line":12,"column":8},"end":{"line":12,"column":68}},"9":{"start":{"line":16,"column":4},"end":{"line":28,"column":7}},"10":{"start":{"line":17,"column":8},"end":{"line":19,"column":9}},"11":{"start":{"line":18,"column":12},"end":{"line":18,"column":70}},"12":{"start":{"line":22,"column":8},"end":{"line":24,"column":9}},"13":{"start":{"line":23,"column":12},"end":{"line":23,"column":78}},"14":{"start":{"line":26,"column":8},"end":{"line":26,"column":27}},"15":{"start":{"line":27,"column":8},"end":{"line":27,"column":15}},"16":{"start":{"line":31,"column":0},"end":{"line":64,"column":3}},"17":{"start":{"line":32,"column":19},"end":{"line":32,"column":30}},"18":{"start":{"line":34,"column":4},"end":{"line":63,"column":5}},"19":{"start":{"line":36,"column":23},"end":{"line":36,"column":105}},"20":{"start":{"line":43,"column":26},"end":{"line":58,"column":10}},"21":{"start":{"line":44,"column":29},"end":{"line":44,"column":41}},"22":{"start":{"line":47,"column":12},"end":{"line":57,"column":13}},"23":{"start":{"line":48,"column":16},"end":{"line":54,"column":17}},"24":{"start":{"line":49,"column":41},"end":{"line":49,"column":61}},"25":{"start":{"line":50,"column":20},"end":{"line":50,"column":49}},"26":{"start":{"line":52,"column":20},"end":{"line":52,"column":73}},"27":{"start":{"line":53,"column":20},"end":{"line":53,"column":36}},"28":{"start":{"line":56,"column":16},"end":{"line":56,"column":32}},"29":{"start":{"line":59,"column":8},"end":{"line":59,"column":47}},"30":{"start":{"line":61,"column":8},"end":{"line":61,"column":58}},"31":{"start":{"line":62,"column":8},"end":{"line":62,"column":76}},"32":{"start":{"line":65,"column":0},"end":{"line":65,"column":24}}},"fnMap":{"0":{"name":"(anonymous_0)","decl":{"start":{"line":7,"column":26},"end":{"line":7,"column":27}},"loc":{"start":{"line":7,"column":46},"end":{"line":29,"column":1}},"line":7},"1":{"name":"(anonymous_1)","decl":{"start":{"line":16,"column":46},"end":{"line":16,"column":47}},"loc":{"start":{"line":16,"column":64},"end":{"line":28,"column":5}},"line":16},"2":{"name":"(anonymous_2)","decl":{"start":{"line":31,"column":35},"end":{"line":31,"column":36}},"loc":{"start":{"line":31,"column":55},"end":{"line":64,"column":1}},"line":31},"3":{"name":"(anonymous_3)","decl":{"start":{"line":43,"column":42},"end":{"line":43,"column":43}},"loc":{"start":{"line":43,"column":49},"end":{"line":58,"column":9}},"line":43}},"branchMap":{"0":{"loc":{"start":{"line":9,"column":18},"end":{"line":9,"column":56}},"type":"binary-expr","locations":[{"start":{"line":9,"column":18},"end":{"line":9,"column":28}},{"start":{"line":9,"column":32},"end":{"line":9,"column":56}}],"line":9},"1":{"loc":{"start":{"line":11,"column":4},"end":{"line":13,"column":5}},"type":"if","locations":[{"start":{"line":11,"column":4},"end":{"line":13,"column":5}},{"start":{},"end":{}}],"line":11},"2":{"loc":{"start":{"line":17,"column":8},"end":{"line":19,"column":9}},"type":"if","locations":[{"start":{"line":17,"column":8},"end":{"line":19,"column":9}},{"start":{},"end":{}}],"line":17},"3":{"loc":{"start":{"line":22,"column":8},"end":{"line":24,"column":9}},"type":"if","locations":[{"start":{"line":22,"column":8},"end":{"line":24,"column":9}},{"start":{},"end":{}}],"line":22},"4":{"loc":{"start":{"line":22,"column":12},"end":{"line":22,"column":35}},"type":"binary-expr","locations":[{"start":{"line":22,"column":12},"end":{"line":22,"column":20}},{"start":{"line":22,"column":24},"end":{"line":22,"column":35}}],"line":22},"5":{"loc":{"start":{"line":47,"column":12},"end":{"line":57,"column":13}},"type":"if","locations":[{"start":{"line":47,"column":12},"end":{"line":57,"column":13}},{"start":{"line":55,"column":19},"end":{"line":57,"column":13}}],"line":47}},"s":{"0":6,"1":6,"2":6,"3":6,"4":6,"5":6,"6":6,"7":6,"8":1,"9":5,"10":5,"11":1,"12":4,"13":1,"14":3,"15":3,"16":6,"17":3,"18":3,"19":3,"20":2,"21":4,"22":4,"23":2,"24":2,"25":2,"26":0,"27":0,"28":2,"29":2,"30":1,"31":1,"32":6},"f":{"0":6,"1":5,"2":3,"3":4},"b":{"0":[6,5],"1":[1,5],"2":[1,4],"3":[1,3],"4":[4,4],"5":[2,2]},"_coverageSchema":"1a1c01bbd47fc00a2c39e90264f33305004495a9","hash":"0ced110e092acd8db16230d77b66f9e3e7695e0e"}
,"/Users/marwankabir/Desktop/Team6/server/allergen/allergenAdd.js": {"path":"/Users/marwankabir/Desktop/Team6/server/allergen/allergenAdd.js","statementMap":{"0":{"start":{"line":1,"column":16},"end":{"line":1,"column":34}},"1":{"start":{"line":2,"column":12},"end":{"line":2,"column":35}},"2":{"start":{"line":3,"column":11},"end":{"line":3,"column":27}},"3":{"start":{"line":4,"column":15},"end":{"line":4,"column":31}},"4":{"start":{"line":7,"column":26},"end":{"line":29,"column":1}},"5":{"start":{"line":8,"column":23},"end":{"line":8,"column":51}},"6":{"start":{"line":9,"column":18},"end":{"line":9,"column":56}},"7":{"start":{"line":11,"column":4},"end":{"line":13,"column":5}},"8":{"start":{"line":12,"column":8},"end":{"line":12,"column":68}},"9":{"start":{"line":16,"column":4},"end":{"line":28,"column":7}},"10":{"start":{"line":17,"column":8},"end":{"line":19,"column":9}},"11":{"start":{"line":18,"column":12},"end":{"line":18,"column":70}},"12":{"start":{"line":22,"column":8},"end":{"line":24,"column":9}},"13":{"start":{"line":23,"column":12},"end":{"line":23,"column":78}},"14":{"start":{"line":26,"column":8},"end":{"line":26,"column":27}},"15":{"start":{"line":27,"column":8},"end":{"line":27,"column":15}},"16":{"start":{"line":32,"column":0},"end":{"line":44,"column":3}},"17":{"start":{"line":33,"column":24},"end":{"line":33,"column":32}},"18":{"start":{"line":34,"column":19},"end":{"line":34,"column":30}},"19":{"start":{"line":35,"column":4},"end":{"line":35,"column":25}},"20":{"start":{"line":36,"column":4},"end":{"line":43,"column":5}},"21":{"start":{"line":38,"column":8},"end":{"line":38,"column":108}},"22":{"start":{"line":39,"column":8},"end":{"line":39,"column":36}},"23":{"start":{"line":41,"column":8},"end":{"line":41,"column":55}},"24":{"start":{"line":42,"column":8},"end":{"line":42,"column":76}},"25":{"start":{"line":46,"column":0},"end":{"line":46,"column":24}}},"fnMap":{"0":{"name":"(anonymous_0)","decl":{"start":{"line":7,"column":26},"end":{"line":7,"column":27}},"loc":{"start":{"line":7,"column":46},"end":{"line":29,"column":1}},"line":7},"1":{"name":"(anonymous_1)","decl":{"start":{"line":16,"column":46},"end":{"line":16,"column":47}},"loc":{"start":{"line":16,"column":64},"end":{"line":28,"column":5}},"line":16},"2":{"name":"(anonymous_2)","decl":{"start":{"line":32,"column":36},"end":{"line":32,"column":37}},"loc":{"start":{"line":32,"column":56},"end":{"line":44,"column":1}},"line":32}},"branchMap":{"0":{"loc":{"start":{"line":9,"column":18},"end":{"line":9,"column":56}},"type":"binary-expr","locations":[{"start":{"line":9,"column":18},"end":{"line":9,"column":28}},{"start":{"line":9,"column":32},"end":{"line":9,"column":56}}],"line":9},"1":{"loc":{"start":{"line":11,"column":4},"end":{"line":13,"column":5}},"type":"if","locations":[{"start":{"line":11,"column":4},"end":{"line":13,"column":5}},{"start":{},"end":{}}],"line":11},"2":{"loc":{"start":{"line":17,"column":8},"end":{"line":19,"column":9}},"type":"if","locations":[{"start":{"line":17,"column":8},"end":{"line":19,"column":9}},{"start":{},"end":{}}],"line":17},"3":{"loc":{"start":{"line":22,"column":8},"end":{"line":24,"column":9}},"type":"if","locations":[{"start":{"line":22,"column":8},"end":{"line":24,"column":9}},{"start":{},"end":{}}],"line":22},"4":{"loc":{"start":{"line":22,"column":12},"end":{"line":22,"column":35}},"type":"binary-expr","locations":[{"start":{"line":22,"column":12},"end":{"line":22,"column":20}},{"start":{"line":22,"column":24},"end":{"line":22,"column":35}}],"line":22}},"s":{"0":6,"1":6,"2":6,"3":6,"4":6,"5":3,"6":3,"7":3,"8":1,"9":2,"10":2,"11":0,"12":2,"13":0,"14":2,"15":2,"16":6,"17":2,"18":2,"19":2,"20":2,"21":2,"22":1,"23":1,"24":1,"25":6},"f":{"0":3,"1":2,"2":2},"b":{"0":[3,2],"1":[1,2],"2":[0,2],"3":[0,2],"4":[2,2]},"_coverageSchema":"1a1c01bbd47fc00a2c39e90264f33305004495a9","hash":"ff4dc2ad5b3ad4365950ed491d550c5df9879020"}
,"/Users/marwankabir/Desktop/Team6/server/allergen/allergenRemove.js": {"path":"/Users/marwankabir/Desktop/Team6/server/allergen/allergenRemove.js","statementMap":{"0":{"start":{"line":1,"column":16},"end":{"line":1,"column":34}},"1":{"start":{"line":2,"column":12},"end":{"line":2,"column":35}},"2":{"start":{"line":3,"column":11},"end":{"line":3,"column":27}},"3":{"start":{"line":4,"column":15},"end":{"line":4,"column":31}},"4":{"start":{"line":7,"column":26},"end":{"line":29,"column":1}},"5":{"start":{"line":8,"column":23},"end":{"line":8,"column":51}},"6":{"start":{"line":9,"column":18},"end":{"line":9,"column":56}},"7":{"start":{"line":11,"column":4},"end":{"line":13,"column":5}},"8":{"start":{"line":12,"column":8},"end":{"line":12,"column":68}},"9":{"start":{"line":16,"column":4},"end":{"line":28,"column":7}},"10":{"start":{"line":17,"column":8},"end":{"line":19,"column":9}},"11":{"start":{"line":18,"column":12},"end":{"line":18,"column":70}},"12":{"start":{"line":22,"column":8},"end":{"line":24,"column":9}},"13":{"start":{"line":23,"column":12},"end":{"line":23,"column":78}},"14":{"start":{"line":26,"column":8},"end":{"line":26,"column":27}},"15":{"start":{"line":27,"column":8},"end":{"line":27,"column":15}},"16":{"start":{"line":32,"column":0},"end":{"line":47,"column":3}},"17":{"start":{"line":33,"column":24},"end":{"line":33,"column":32}},"18":{"start":{"line":34,"column":19},"end":{"line":34,"column":30}},"19":{"start":{"line":36,"column":29},"end":{"line":36,"column":65}},"20":{"start":{"line":38,"column":4},"end":{"line":46,"column":5}},"21":{"start":{"line":40,"column":8},"end":{"line":41,"column":49}},"22":{"start":{"line":42,"column":8},"end":{"line":42,"column":36}},"23":{"start":{"line":44,"column":8},"end":{"line":44,"column":57}},"24":{"start":{"line":45,"column":8},"end":{"line":45,"column":76}},"25":{"start":{"line":48,"column":0},"end":{"line":48,"column":24}}},"fnMap":{"0":{"name":"(anonymous_0)","decl":{"start":{"line":7,"column":26},"end":{"line":7,"column":27}},"loc":{"start":{"line":7,"column":46},"end":{"line":29,"column":1}},"line":7},"1":{"name":"(anonymous_1)","decl":{"start":{"line":16,"column":46},"end":{"line":16,"column":47}},"loc":{"start":{"line":16,"column":64},"end":{"line":28,"column":5}},"line":16},"2":{"name":"(anonymous_2)","decl":{"start":{"line":32,"column":38},"end":{"line":32,"column":39}},"loc":{"start":{"line":32,"column":58},"end":{"line":47,"column":1}},"line":32}},"branchMap":{"0":{"loc":{"start":{"line":9,"column":18},"end":{"line":9,"column":56}},"type":"binary-expr","locations":[{"start":{"line":9,"column":18},"end":{"line":9,"column":28}},{"start":{"line":9,"column":32},"end":{"line":9,"column":56}}],"line":9},"1":{"loc":{"start":{"line":11,"column":4},"end":{"line":13,"column":5}},"type":"if","locations":[{"start":{"line":11,"column":4},"end":{"line":13,"column":5}},{"start":{},"end":{}}],"line":11},"2":{"loc":{"start":{"line":17,"column":8},"end":{"line":19,"column":9}},"type":"if","locations":[{"start":{"line":17,"column":8},"end":{"line":19,"column":9}},{"start":{},"end":{}}],"line":17},"3":{"loc":{"start":{"line":22,"column":8},"end":{"line":24,"column":9}},"type":"if","locations":[{"start":{"line":22,"column":8},"end":{"line":24,"column":9}},{"start":{},"end":{}}],"line":22},"4":{"loc":{"start":{"line":22,"column":12},"end":{"line":22,"column":35}},"type":"binary-expr","locations":[{"start":{"line":22,"column":12},"end":{"line":22,"column":20}},{"start":{"line":22,"column":24},"end":{"line":22,"column":35}}],"line":22}},"s":{"0":6,"1":6,"2":6,"3":6,"4":6,"5":3,"6":3,"7":3,"8":1,"9":2,"10":2,"11":0,"12":2,"13":0,"14":2,"15":2,"16":6,"17":2,"18":2,"19":2,"20":2,"21":2,"22":1,"23":1,"24":1,"25":6},"f":{"0":3,"1":2,"2":2},"b":{"0":[3,2],"1":[1,2],"2":[0,2],"3":[0,2],"4":[2,2]},"_coverageSchema":"1a1c01bbd47fc00a2c39e90264f33305004495a9","hash":"9dfb086d96ef7bd3a6373de16e9eb9e29dc2d215"}
,"/Users/marwankabir/Desktop/Team6/server/discover/discoverPage.js": {"path":"/Users/marwankabir/Desktop/Team6/server/discover/discoverPage.js","statementMap":{"0":{"start":{"line":1,"column":16},"end":{"line":1,"column":34}},"1":{"start":{"line":2,"column":14},"end":{"line":2,"column":30}},"2":{"start":{"line":3,"column":15},"end":{"line":3,"column":31}},"3":{"start":{"line":5,"column":0},"end":{"line":79,"column":3}},"4":{"start":{"line":6,"column":83},"end":{"line":6,"column":92}},"5":{"start":{"line":8,"column":4},"end":{"line":78,"column":5}},"6":{"start":{"line":9,"column":24},"end":{"line":12,"column":9}},"7":{"start":{"line":15,"column":8},"end":{"line":74,"column":9}},"8":{"start":{"line":16,"column":33},"end":{"line":26,"column":13}},"9":{"start":{"line":28,"column":29},"end":{"line":31,"column":13}},"10":{"start":{"line":33,"column":12},"end":{"line":46,"column":13}},"11":{"start":{"line":34,"column":41},"end":{"line":41,"column":19}},"12":{"start":{"line":34,"column":78},"end":{"line":41,"column":17}},"13":{"start":{"line":43,"column":16},"end":{"line":43,"column":56}},"14":{"start":{"line":45,"column":16},"end":{"line":45,"column":121}},"15":{"start":{"line":50,"column":27},"end":{"line":56,"column":13}},"16":{"start":{"line":58,"column":29},"end":{"line":58,"column":143}},"17":{"start":{"line":60,"column":12},"end":{"line":73,"column":13}},"18":{"start":{"line":61,"column":41},"end":{"line":68,"column":19}},"19":{"start":{"line":61,"column":78},"end":{"line":68,"column":17}},"20":{"start":{"line":70,"column":16},"end":{"line":70,"column":56}},"21":{"start":{"line":72,"column":16},"end":{"line":72,"column":97}},"22":{"start":{"line":76,"column":8},"end":{"line":76,"column":56}},"23":{"start":{"line":77,"column":8},"end":{"line":77,"column":67}},"24":{"start":{"line":81,"column":0},"end":{"line":81,"column":24}}},"fnMap":{"0":{"name":"(anonymous_0)","decl":{"start":{"line":5,"column":30},"end":{"line":5,"column":31}},"loc":{"start":{"line":5,"column":50},"end":{"line":79,"column":1}},"line":5},"1":{"name":"(anonymous_1)","decl":{"start":{"line":34,"column":67},"end":{"line":34,"column":68}},"loc":{"start":{"line":34,"column":78},"end":{"line":41,"column":17}},"line":34},"2":{"name":"(anonymous_2)","decl":{"start":{"line":61,"column":67},"end":{"line":61,"column":68}},"loc":{"start":{"line":61,"column":78},"end":{"line":68,"column":17}},"line":61}},"branchMap":{"0":{"loc":{"start":{"line":6,"column":12},"end":{"line":6,"column":23}},"type":"default-arg","locations":[{"start":{"line":6,"column":21},"end":{"line":6,"column":23}}],"line":6},"1":{"loc":{"start":{"line":6,"column":25},"end":{"line":6,"column":35}},"type":"default-arg","locations":[{"start":{"line":6,"column":34},"end":{"line":6,"column":35}}],"line":6},"2":{"loc":{"start":{"line":15,"column":8},"end":{"line":74,"column":9}},"type":"if","locations":[{"start":{"line":15,"column":8},"end":{"line":74,"column":9}},{"start":{"line":48,"column":15},"end":{"line":74,"column":9}}],"line":15},"3":{"loc":{"start":{"line":15,"column":12},"end":{"line":15,"column":61}},"type":"binary-expr","locations":[{"start":{"line":15,"column":12},"end":{"line":15,"column":18}},{"start":{"line":15,"column":22},"end":{"line":15,"column":26}},{"start":{"line":15,"column":30},"end":{"line":15,"column":37}},{"start":{"line":15,"column":41},"end":{"line":15,"column":45}},{"start":{"line":15,"column":49},"end":{"line":15,"column":61}}],"line":15},"4":{"loc":{"start":{"line":19,"column":23},"end":{"line":19,"column":35}},"type":"binary-expr","locations":[{"start":{"line":19,"column":23},"end":{"line":19,"column":29}},{"start":{"line":19,"column":33},"end":{"line":19,"column":35}}],"line":19},"5":{"loc":{"start":{"line":20,"column":22},"end":{"line":20,"column":32}},"type":"binary-expr","locations":[{"start":{"line":20,"column":22},"end":{"line":20,"column":26}},{"start":{"line":20,"column":30},"end":{"line":20,"column":32}}],"line":20},"6":{"loc":{"start":{"line":21,"column":25},"end":{"line":21,"column":38}},"type":"binary-expr","locations":[{"start":{"line":21,"column":25},"end":{"line":21,"column":32}},{"start":{"line":21,"column":36},"end":{"line":21,"column":38}}],"line":21},"7":{"loc":{"start":{"line":22,"column":22},"end":{"line":22,"column":32}},"type":"binary-expr","locations":[{"start":{"line":22,"column":22},"end":{"line":22,"column":26}},{"start":{"line":22,"column":30},"end":{"line":22,"column":32}}],"line":22},"8":{"loc":{"start":{"line":23,"column":30},"end":{"line":23,"column":48}},"type":"binary-expr","locations":[{"start":{"line":23,"column":30},"end":{"line":23,"column":42}},{"start":{"line":23,"column":46},"end":{"line":23,"column":48}}],"line":23},"9":{"loc":{"start":{"line":33,"column":12},"end":{"line":46,"column":13}},"type":"if","locations":[{"start":{"line":33,"column":12},"end":{"line":46,"column":13}},{"start":{"line":44,"column":19},"end":{"line":46,"column":13}}],"line":33},"10":{"loc":{"start":{"line":40,"column":38},"end":{"line":40,"column":77}},"type":"binary-expr","locations":[{"start":{"line":40,"column":38},"end":{"line":40,"column":72}},{"start":{"line":40,"column":76},"end":{"line":40,"column":77}}],"line":40},"11":{"loc":{"start":{"line":55,"column":30},"end":{"line":55,"column":48}},"type":"binary-expr","locations":[{"start":{"line":55,"column":30},"end":{"line":55,"column":42}},{"start":{"line":55,"column":46},"end":{"line":55,"column":48}}],"line":55},"12":{"loc":{"start":{"line":60,"column":12},"end":{"line":73,"column":13}},"type":"if","locations":[{"start":{"line":60,"column":12},"end":{"line":73,"column":13}},{"start":{"line":71,"column":19},"end":{"line":73,"column":13}}],"line":60},"13":{"loc":{"start":{"line":67,"column":38},"end":{"line":67,"column":77}},"type":"binary-expr","locations":[{"start":{"line":67,"column":38},"end":{"line":67,"column":72}},{"start":{"line":67,"column":76},"end":{"line":67,"column":77}}],"line":67}},"s":{"0":6,"1":6,"2":6,"3":6,"4":9,"5":9,"6":9,"7":9,"8":5,"9":5,"10":5,"11":5,"12":9,"13":5,"14":0,"15":4,"16":4,"17":3,"18":3,"19":8,"20":3,"21":0,"22":1,"23":1,"24":6},"f":{"0":9,"1":9,"2":8},"b":{"0":[7],"1":[7],"2":[5,4],"3":[9,6,5,4,4],"4":[5,2],"5":[5,4],"6":[5,3],"7":[5,4],"8":[5,5],"9":[5,0],"10":[9,0],"11":[4,4],"12":[3,0],"13":[8,0]},"_coverageSchema":"1a1c01bbd47fc00a2c39e90264f33305004495a9","hash":"94981582f6fa0ecc330330b0d334dbd4cc671967"}
,"/Users/marwankabir/Desktop/Team6/server/email_noti/cronJobs.js": {"path":"/Users/marwankabir/Desktop/Team6/server/email_noti/cronJobs.js","statementMap":{"0":{"start":{"line":1,"column":0},"end":{"line":1,"column":46}},"1":{"start":{"line":2,"column":13},"end":{"line":2,"column":33}},"2":{"start":{"line":3,"column":13},"end":{"line":3,"column":28}},"3":{"start":{"line":4,"column":30},"end":{"line":4,"column":48}},"4":{"start":{"line":6,"column":27},"end":{"line":13,"column":1}},"5":{"start":{"line":8,"column":4},"end":{"line":12,"column":7}},"6":{"start":{"line":9,"column":8},"end":{"line":9,"column":28}},"7":{"start":{"line":15,"column":0},"end":{"line":15,"column":40}}},"fnMap":{"0":{"name":"(anonymous_0)","decl":{"start":{"line":6,"column":27},"end":{"line":6,"column":28}},"loc":{"start":{"line":6,"column":33},"end":{"line":13,"column":1}},"line":6},"1":{"name":"(anonymous_1)","decl":{"start":{"line":8,"column":31},"end":{"line":8,"column":32}},"loc":{"start":{"line":8,"column":37},"end":{"line":10,"column":5}},"line":8}},"branchMap":{},"s":{"0":6,"1":6,"2":6,"3":6,"4":6,"5":0,"6":0,"7":6},"f":{"0":0,"1":0},"b":{},"_coverageSchema":"1a1c01bbd47fc00a2c39e90264f33305004495a9","hash":"4fd2f9c226e097763859a8fc340ef38157246bb1"}
,"/Users/marwankabir/Desktop/Team6/server/email_noti/email.js": {"path":"/Users/marwankabir/Desktop/Team6/server/email_noti/email.js","statementMap":{"0":{"start":{"line":1,"column":19},"end":{"line":1,"column":40}},"1":{"start":{"line":2,"column":11},"end":{"line":2,"column":27}},"2":{"start":{"line":3,"column":0},"end":{"line":3,"column":27}},"3":{"start":{"line":4,"column":14},"end":{"line":4,"column":30}},"4":{"start":{"line":10,"column":4},"end":{"line":16,"column":7}},"5":{"start":{"line":20,"column":4},"end":{"line":59,"column":5}},"6":{"start":{"line":21,"column":23},"end":{"line":28,"column":10}},"7":{"start":{"line":30,"column":22},"end":{"line":30,"column":33}},"8":{"start":{"line":32,"column":8},"end":{"line":55,"column":9}},"9":{"start":{"line":33,"column":36},"end":{"line":33,"column":38}},"10":{"start":{"line":34,"column":12},"end":{"line":46,"column":15}},"11":{"start":{"line":35,"column":32},"end":{"line":35,"column":70}},"12":{"start":{"line":36,"column":16},"end":{"line":41,"column":17}},"13":{"start":{"line":37,"column":20},"end":{"line":40,"column":22}},"14":{"start":{"line":42,"column":16},"end":{"line":45,"column":19}},"15":{"start":{"line":48,"column":12},"end":{"line":52,"column":16}},"16":{"start":{"line":48,"column":61},"end":{"line":52,"column":13}},"17":{"start":{"line":54,"column":12},"end":{"line":54,"column":22}},"18":{"start":{"line":57,"column":8},"end":{"line":57,"column":57}},"19":{"start":{"line":58,"column":8},"end":{"line":58,"column":20}},"20":{"start":{"line":63,"column":4},"end":{"line":104,"column":5}},"21":{"start":{"line":64,"column":8},"end":{"line":66,"column":9}},"22":{"start":{"line":65,"column":12},"end":{"line":65,"column":38}},"23":{"start":{"line":68,"column":8},"end":{"line":68,"column":35}},"24":{"start":{"line":69,"column":8},"end":{"line":69,"column":64}},"25":{"start":{"line":71,"column":22},"end":{"line":71,"column":47}},"26":{"start":{"line":73,"column":8},"end":{"line":101,"column":9}},"27":{"start":{"line":74,"column":12},"end":{"line":98,"column":13}},"28":{"start":{"line":75,"column":16},"end":{"line":97,"column":17}},"29":{"start":{"line":77,"column":41},"end":{"line":79,"column":21}},"30":{"start":{"line":78,"column":24},"end":{"line":78,"column":103}},"31":{"start":{"line":81,"column":36},"end":{"line":85,"column":21}},"32":{"start":{"line":87,"column":40},"end":{"line":92,"column":21}},"33":{"start":{"line":95,"column":20},"end":{"line":95,"column":60}},"34":{"start":{"line":96,"column":20},"end":{"line":96,"column":77}},"35":{"start":{"line":100,"column":12},"end":{"line":100,"column":66}},"36":{"start":{"line":103,"column":8},"end":{"line":103,"column":75}},"37":{"start":{"line":107,"column":0},"end":{"line":107,"column":77}}},"fnMap":{"0":{"name":"createTransporter","decl":{"start":{"line":9,"column":15},"end":{"line":9,"column":32}},"loc":{"start":{"line":9,"column":35},"end":{"line":17,"column":1}},"line":9},"1":{"name":"getLowIngredients","decl":{"start":{"line":19,"column":15},"end":{"line":19,"column":32}},"loc":{"start":{"line":19,"column":35},"end":{"line":60,"column":1}},"line":19},"2":{"name":"(anonymous_2)","decl":{"start":{"line":34,"column":26},"end":{"line":34,"column":27}},"loc":{"start":{"line":34,"column":34},"end":{"line":46,"column":13}},"line":34},"3":{"name":"(anonymous_3)","decl":{"start":{"line":48,"column":52},"end":{"line":48,"column":53}},"loc":{"start":{"line":48,"column":61},"end":{"line":52,"column":13}},"line":48},"4":{"name":"checkAndSendEmail","decl":{"start":{"line":62,"column":15},"end":{"line":62,"column":32}},"loc":{"start":{"line":62,"column":35},"end":{"line":105,"column":1}},"line":62},"5":{"name":"(anonymous_5)","decl":{"start":{"line":77,"column":65},"end":{"line":77,"column":66}},"loc":{"start":{"line":78,"column":24},"end":{"line":78,"column":103}},"line":78}},"branchMap":{"0":{"loc":{"start":{"line":32,"column":8},"end":{"line":55,"column":9}},"type":"if","locations":[{"start":{"line":32,"column":8},"end":{"line":55,"column":9}},{"start":{"line":53,"column":15},"end":{"line":55,"column":9}}],"line":32},"1":{"loc":{"start":{"line":36,"column":16},"end":{"line":41,"column":17}},"type":"if","locations":[{"start":{"line":36,"column":16},"end":{"line":41,"column":17}},{"start":{},"end":{}}],"line":36},"2":{"loc":{"start":{"line":64,"column":8},"end":{"line":66,"column":9}},"type":"if","locations":[{"start":{"line":64,"column":8},"end":{"line":66,"column":9}},{"start":{},"end":{}}],"line":64},"3":{"loc":{"start":{"line":73,"column":8},"end":{"line":101,"column":9}},"type":"if","locations":[{"start":{"line":73,"column":8},"end":{"line":101,"column":9}},{"start":{"line":99,"column":15},"end":{"line":101,"column":9}}],"line":73},"4":{"loc":{"start":{"line":75,"column":16},"end":{"line":97,"column":17}},"type":"if","locations":[{"start":{"line":75,"column":16},"end":{"line":97,"column":17}},{"start":{},"end":{}}],"line":75}},"s":{"0":7,"1":7,"2":7,"3":7,"4":1,"5":1,"6":1,"7":1,"8":1,"9":1,"10":1,"11":2,"12":2,"13":1,"14":2,"15":1,"16":1,"17":0,"18":0,"19":0,"20":1,"21":1,"22":0,"23":1,"24":1,"25":1,"26":1,"27":1,"28":1,"29":1,"30":2,"31":1,"32":1,"33":1,"34":1,"35":0,"36":0,"37":7},"f":{"0":1,"1":1,"2":2,"3":1,"4":1,"5":2},"b":{"0":[1,0],"1":[1,1],"2":[0,1],"3":[1,0],"4":[1,0]},"_coverageSchema":"1a1c01bbd47fc00a2c39e90264f33305004495a9","hash":"e95ad8888762bce304964eaa4abf133d2ee4f7f9"}
,"/Users/marwankabir/Desktop/Team6/server/ingredient/ingredient.js": {"path":"/Users/marwankabir/Desktop/Team6/server/ingredient/ingredient.js","statementMap":{"0":{"start":{"line":1,"column":16},"end":{"line":1,"column":34}},"1":{"start":{"line":2,"column":13},"end":{"line":2,"column":29}},"2":{"start":{"line":3,"column":15},"end":{"line":3,"column":31}},"3":{"start":{"line":4,"column":12},"end":{"line":4,"column":35}},"4":{"start":{"line":7,"column":26},"end":{"line":29,"column":1}},"5":{"start":{"line":8,"column":23},"end":{"line":8,"column":51}},"6":{"start":{"line":9,"column":18},"end":{"line":9,"column":56}},"7":{"start":{"line":11,"column":4},"end":{"line":13,"column":5}},"8":{"start":{"line":12,"column":8},"end":{"line":12,"column":68}},"9":{"start":{"line":16,"column":4},"end":{"line":28,"column":7}},"10":{"start":{"line":17,"column":8},"end":{"line":19,"column":9}},"11":{"start":{"line":18,"column":12},"end":{"line":18,"column":70}},"12":{"start":{"line":22,"column":8},"end":{"line":24,"column":9}},"13":{"start":{"line":23,"column":12},"end":{"line":23,"column":78}},"14":{"start":{"line":26,"column":8},"end":{"line":26,"column":27}},"15":{"start":{"line":27,"column":8},"end":{"line":27,"column":15}},"16":{"start":{"line":31,"column":27},"end":{"line":44,"column":1}},"17":{"start":{"line":32,"column":4},"end":{"line":43,"column":5}},"18":{"start":{"line":33,"column":25},"end":{"line":39,"column":10}},"19":{"start":{"line":40,"column":21},"end":{"line":40,"column":42}},"20":{"start":{"line":42,"column":8},"end":{"line":42,"column":60}},"21":{"start":{"line":47,"column":0},"end":{"line":114,"column":3}},"22":{"start":{"line":48,"column":61},"end":{"line":48,"column":69}},"23":{"start":{"line":49,"column":20},"end":{"line":49,"column":31}},"24":{"start":{"line":51,"column":4},"end":{"line":113,"column":5}},"25":{"start":{"line":52,"column":40},"end":{"line":52,"column":69}},"26":{"start":{"line":55,"column":32},"end":{"line":58,"column":9}},"27":{"start":{"line":62,"column":8},"end":{"line":73,"column":9}},"28":{"start":{"line":63,"column":12},"end":{"line":63,"column":66}},"29":{"start":{"line":66,"column":12},"end":{"line":66,"column":47}},"30":{"start":{"line":67,"column":32},"end":{"line":70,"column":13}},"31":{"start":{"line":72,"column":12},"end":{"line":72,"column":62}},"32":{"start":{"line":76,"column":36},"end":{"line":79,"column":9}},"33":{"start":{"line":81,"column":8},"end":{"line":108,"column":9}},"34":{"start":{"line":82,"column":12},"end":{"line":95,"column":13}},"35":{"start":{"line":83,"column":16},"end":{"line":86,"column":18}},"36":{"start":{"line":87,"column":16},"end":{"line":87,"column":93}},"37":{"start":{"line":90,"column":16},"end":{"line":93,"column":18}},"38":{"start":{"line":94,"column":16},"end":{"line":94,"column":93}},"39":{"start":{"line":98,"column":12},"end":{"line":107,"column":13}},"40":{"start":{"line":99,"column":16},"end":{"line":102,"column":18}},"41":{"start":{"line":103,"column":16},"end":{"line":103,"column":91}},"42":{"start":{"line":106,"column":16},"end":{"line":106,"column":97}},"43":{"start":{"line":111,"column":8},"end":{"line":111,"column":67}},"44":{"start":{"line":112,"column":8},"end":{"line":112,"column":74}},"45":{"start":{"line":116,"column":0},"end":{"line":116,"column":24}}},"fnMap":{"0":{"name":"(anonymous_0)","decl":{"start":{"line":7,"column":26},"end":{"line":7,"column":27}},"loc":{"start":{"line":7,"column":46},"end":{"line":29,"column":1}},"line":7},"1":{"name":"(anonymous_1)","decl":{"start":{"line":16,"column":46},"end":{"line":16,"column":47}},"loc":{"start":{"line":16,"column":64},"end":{"line":28,"column":5}},"line":16},"2":{"name":"(anonymous_2)","decl":{"start":{"line":31,"column":27},"end":{"line":31,"column":28}},"loc":{"start":{"line":31,"column":53},"end":{"line":44,"column":1}},"line":31},"3":{"name":"(anonymous_3)","decl":{"start":{"line":47,"column":36},"end":{"line":47,"column":37}},"loc":{"start":{"line":47,"column":56},"end":{"line":114,"column":1}},"line":47}},"branchMap":{"0":{"loc":{"start":{"line":9,"column":18},"end":{"line":9,"column":56}},"type":"binary-expr","locations":[{"start":{"line":9,"column":18},"end":{"line":9,"column":28}},{"start":{"line":9,"column":32},"end":{"line":9,"column":56}}],"line":9},"1":{"loc":{"start":{"line":11,"column":4},"end":{"line":13,"column":5}},"type":"if","locations":[{"start":{"line":11,"column":4},"end":{"line":13,"column":5}},{"start":{},"end":{}}],"line":11},"2":{"loc":{"start":{"line":17,"column":8},"end":{"line":19,"column":9}},"type":"if","locations":[{"start":{"line":17,"column":8},"end":{"line":19,"column":9}},{"start":{},"end":{}}],"line":17},"3":{"loc":{"start":{"line":22,"column":8},"end":{"line":24,"column":9}},"type":"if","locations":[{"start":{"line":22,"column":8},"end":{"line":24,"column":9}},{"start":{},"end":{}}],"line":22},"4":{"loc":{"start":{"line":22,"column":12},"end":{"line":22,"column":35}},"type":"binary-expr","locations":[{"start":{"line":22,"column":12},"end":{"line":22,"column":20}},{"start":{"line":22,"column":24},"end":{"line":22,"column":35}}],"line":22},"5":{"loc":{"start":{"line":62,"column":8},"end":{"line":73,"column":9}},"type":"if","locations":[{"start":{"line":62,"column":8},"end":{"line":73,"column":9}},{"start":{"line":64,"column":15},"end":{"line":73,"column":9}}],"line":62},"6":{"loc":{"start":{"line":81,"column":8},"end":{"line":108,"column":9}},"type":"if","locations":[{"start":{"line":81,"column":8},"end":{"line":108,"column":9}},{"start":{"line":96,"column":15},"end":{"line":108,"column":9}}],"line":81},"7":{"loc":{"start":{"line":82,"column":12},"end":{"line":95,"column":13}},"type":"if","locations":[{"start":{"line":82,"column":12},"end":{"line":95,"column":13}},{"start":{"line":88,"column":19},"end":{"line":95,"column":13}}],"line":82},"8":{"loc":{"start":{"line":98,"column":12},"end":{"line":107,"column":13}},"type":"if","locations":[{"start":{"line":98,"column":12},"end":{"line":107,"column":13}},{"start":{"line":104,"column":19},"end":{"line":107,"column":13}}],"line":98}},"s":{"0":6,"1":6,"2":6,"3":6,"4":6,"5":0,"6":0,"7":0,"8":0,"9":0,"10":0,"11":0,"12":0,"13":0,"14":0,"15":0,"16":6,"17":0,"18":0,"19":0,"20":0,"21":6,"22":0,"23":0,"24":0,"25":0,"26":0,"27":0,"28":0,"29":0,"30":0,"31":0,"32":0,"33":0,"34":0,"35":0,"36":0,"37":0,"38":0,"39":0,"40":0,"41":0,"42":0,"43":0,"44":0,"45":6},"f":{"0":0,"1":0,"2":0,"3":0},"b":{"0":[0,0],"1":[0,0],"2":[0,0],"3":[0,0],"4":[0,0],"5":[0,0],"6":[0,0],"7":[0,0],"8":[0,0]},"_coverageSchema":"1a1c01bbd47fc00a2c39e90264f33305004495a9","hash":"33698928ce3a44a38e9c9aecf3bb33215194b3ea"}
,"/Users/marwankabir/Desktop/Team6/server/ingredient/ingredientRemove.js": {"path":"/Users/marwankabir/Desktop/Team6/server/ingredient/ingredientRemove.js","statementMap":{"0":{"start":{"line":1,"column":12},"end":{"line":1,"column":35}},"1":{"start":{"line":2,"column":13},"end":{"line":2,"column":29}},"2":{"start":{"line":3,"column":16},"end":{"line":3,"column":34}},"3":{"start":{"line":4,"column":15},"end":{"line":4,"column":31}},"4":{"start":{"line":6,"column":26},"end":{"line":29,"column":1}},"5":{"start":{"line":7,"column":23},"end":{"line":7,"column":51}},"6":{"start":{"line":8,"column":18},"end":{"line":8,"column":56}},"7":{"start":{"line":10,"column":4},"end":{"line":12,"column":5}},"8":{"start":{"line":11,"column":8},"end":{"line":11,"column":68}},"9":{"start":{"line":15,"column":4},"end":{"line":28,"column":7}},"10":{"start":{"line":16,"column":8},"end":{"line":18,"column":9}},"11":{"start":{"line":17,"column":12},"end":{"line":17,"column":70}},"12":{"start":{"line":22,"column":8},"end":{"line":24,"column":9}},"13":{"start":{"line":23,"column":12},"end":{"line":23,"column":78}},"14":{"start":{"line":26,"column":8},"end":{"line":26,"column":27}},"15":{"start":{"line":27,"column":8},"end":{"line":27,"column":15}},"16":{"start":{"line":31,"column":0},"end":{"line":44,"column":3}},"17":{"start":{"line":32,"column":29},"end":{"line":32,"column":37}},"18":{"start":{"line":33,"column":20},"end":{"line":33,"column":31}},"19":{"start":{"line":34,"column":4},"end":{"line":43,"column":5}},"20":{"start":{"line":35,"column":8},"end":{"line":38,"column":10}},"21":{"start":{"line":39,"column":8},"end":{"line":39,"column":85}},"22":{"start":{"line":41,"column":8},"end":{"line":41,"column":57}},"23":{"start":{"line":42,"column":8},"end":{"line":42,"column":74}},"24":{"start":{"line":45,"column":0},"end":{"line":45,"column":24}}},"fnMap":{"0":{"name":"(anonymous_0)","decl":{"start":{"line":6,"column":26},"end":{"line":6,"column":27}},"loc":{"start":{"line":6,"column":46},"end":{"line":29,"column":1}},"line":6},"1":{"name":"(anonymous_1)","decl":{"start":{"line":15,"column":46},"end":{"line":15,"column":47}},"loc":{"start":{"line":15,"column":64},"end":{"line":28,"column":5}},"line":15},"2":{"name":"(anonymous_2)","decl":{"start":{"line":31,"column":38},"end":{"line":31,"column":39}},"loc":{"start":{"line":31,"column":58},"end":{"line":44,"column":1}},"line":31}},"branchMap":{"0":{"loc":{"start":{"line":8,"column":18},"end":{"line":8,"column":56}},"type":"binary-expr","locations":[{"start":{"line":8,"column":18},"end":{"line":8,"column":28}},{"start":{"line":8,"column":32},"end":{"line":8,"column":56}}],"line":8},"1":{"loc":{"start":{"line":10,"column":4},"end":{"line":12,"column":5}},"type":"if","locations":[{"start":{"line":10,"column":4},"end":{"line":12,"column":5}},{"start":{},"end":{}}],"line":10},"2":{"loc":{"start":{"line":16,"column":8},"end":{"line":18,"column":9}},"type":"if","locations":[{"start":{"line":16,"column":8},"end":{"line":18,"column":9}},{"start":{},"end":{}}],"line":16},"3":{"loc":{"start":{"line":22,"column":8},"end":{"line":24,"column":9}},"type":"if","locations":[{"start":{"line":22,"column":8},"end":{"line":24,"column":9}},{"start":{},"end":{}}],"line":22},"4":{"loc":{"start":{"line":22,"column":12},"end":{"line":22,"column":35}},"type":"binary-expr","locations":[{"start":{"line":22,"column":12},"end":{"line":22,"column":20}},{"start":{"line":22,"column":24},"end":{"line":22,"column":35}}],"line":22}},"s":{"0":6,"1":6,"2":6,"3":6,"4":6,"5":0,"6":0,"7":0,"8":0,"9":0,"10":0,"11":0,"12":0,"13":0,"14":0,"15":0,"16":6,"17":0,"18":0,"19":0,"20":0,"21":0,"22":0,"23":0,"24":6},"f":{"0":0,"1":0,"2":0},"b":{"0":[0,0],"1":[0,0],"2":[0,0],"3":[0,0],"4":[0,0]},"_coverageSchema":"1a1c01bbd47fc00a2c39e90264f33305004495a9","hash":"8c3b4704760b585a4f6de05e905b4d654ed7c9fe"}
,"/Users/marwankabir/Desktop/Team6/server/ingredient/ingredientUpdate.js": {"path":"/Users/marwankabir/Desktop/Team6/server/ingredient/ingredientUpdate.js","statementMap":{"0":{"start":{"line":1,"column":12},"end":{"line":1,"column":35}},"1":{"start":{"line":2,"column":13},"end":{"line":2,"column":29}},"2":{"start":{"line":3,"column":16},"end":{"line":3,"column":34}},"3":{"start":{"line":4,"column":15},"end":{"line":4,"column":31}},"4":{"start":{"line":6,"column":26},"end":{"line":29,"column":1}},"5":{"start":{"line":7,"column":23},"end":{"line":7,"column":51}},"6":{"start":{"line":8,"column":18},"end":{"line":8,"column":56}},"7":{"start":{"line":10,"column":4},"end":{"line":12,"column":5}},"8":{"start":{"line":11,"column":8},"end":{"line":11,"column":68}},"9":{"start":{"line":15,"column":4},"end":{"line":28,"column":7}},"10":{"start":{"line":16,"column":8},"end":{"line":18,"column":9}},"11":{"start":{"line":17,"column":12},"end":{"line":17,"column":70}},"12":{"start":{"line":22,"column":8},"end":{"line":24,"column":9}},"13":{"start":{"line":23,"column":12},"end":{"line":23,"column":78}},"14":{"start":{"line":26,"column":8},"end":{"line":26,"column":27}},"15":{"start":{"line":27,"column":8},"end":{"line":27,"column":15}},"16":{"start":{"line":31,"column":0},"end":{"line":44,"column":3}},"17":{"start":{"line":32,"column":43},"end":{"line":32,"column":51}},"18":{"start":{"line":33,"column":20},"end":{"line":33,"column":31}},"19":{"start":{"line":34,"column":4},"end":{"line":43,"column":5}},"20":{"start":{"line":35,"column":8},"end":{"line":38,"column":10}},"21":{"start":{"line":39,"column":8},"end":{"line":39,"column":85}},"22":{"start":{"line":41,"column":8},"end":{"line":41,"column":67}},"23":{"start":{"line":42,"column":8},"end":{"line":42,"column":74}},"24":{"start":{"line":45,"column":0},"end":{"line":45,"column":24}}},"fnMap":{"0":{"name":"(anonymous_0)","decl":{"start":{"line":6,"column":26},"end":{"line":6,"column":27}},"loc":{"start":{"line":6,"column":46},"end":{"line":29,"column":1}},"line":6},"1":{"name":"(anonymous_1)","decl":{"start":{"line":15,"column":46},"end":{"line":15,"column":47}},"loc":{"start":{"line":15,"column":64},"end":{"line":28,"column":5}},"line":15},"2":{"name":"(anonymous_2)","decl":{"start":{"line":31,"column":36},"end":{"line":31,"column":37}},"loc":{"start":{"line":31,"column":56},"end":{"line":44,"column":1}},"line":31}},"branchMap":{"0":{"loc":{"start":{"line":8,"column":18},"end":{"line":8,"column":56}},"type":"binary-expr","locations":[{"start":{"line":8,"column":18},"end":{"line":8,"column":28}},{"start":{"line":8,"column":32},"end":{"line":8,"column":56}}],"line":8},"1":{"loc":{"start":{"line":10,"column":4},"end":{"line":12,"column":5}},"type":"if","locations":[{"start":{"line":10,"column":4},"end":{"line":12,"column":5}},{"start":{},"end":{}}],"line":10},"2":{"loc":{"start":{"line":16,"column":8},"end":{"line":18,"column":9}},"type":"if","locations":[{"start":{"line":16,"column":8},"end":{"line":18,"column":9}},{"start":{},"end":{}}],"line":16},"3":{"loc":{"start":{"line":22,"column":8},"end":{"line":24,"column":9}},"type":"if","locations":[{"start":{"line":22,"column":8},"end":{"line":24,"column":9}},{"start":{},"end":{}}],"line":22},"4":{"loc":{"start":{"line":22,"column":12},"end":{"line":22,"column":35}},"type":"binary-expr","locations":[{"start":{"line":22,"column":12},"end":{"line":22,"column":20}},{"start":{"line":22,"column":24},"end":{"line":22,"column":35}}],"line":22}},"s":{"0":6,"1":6,"2":6,"3":6,"4":6,"5":0,"6":0,"7":0,"8":0,"9":0,"10":0,"11":0,"12":0,"13":0,"14":0,"15":0,"16":6,"17":0,"18":0,"19":0,"20":0,"21":0,"22":0,"23":0,"24":6},"f":{"0":0,"1":0,"2":0},"b":{"0":[0,0],"1":[0,0],"2":[0,0],"3":[0,0],"4":[0,0]},"_coverageSchema":"1a1c01bbd47fc00a2c39e90264f33305004495a9","hash":"3c15c2973d0fbfa8245fb0e7a8a0c12bce58fc00"}
,"/Users/marwankabir/Desktop/Team6/server/ingredient/user_ingredient.js": {"path":"/Users/marwankabir/Desktop/Team6/server/ingredient/user_ingredient.js","statementMap":{"0":{"start":{"line":2,"column":12},"end":{"line":2,"column":35}},"1":{"start":{"line":3,"column":13},"end":{"line":3,"column":29}},"2":{"start":{"line":4,"column":16},"end":{"line":4,"column":34}},"3":{"start":{"line":5,"column":15},"end":{"line":5,"column":31}},"4":{"start":{"line":8,"column":26},"end":{"line":31,"column":1}},"5":{"start":{"line":9,"column":23},"end":{"line":9,"column":51}},"6":{"start":{"line":10,"column":18},"end":{"line":10,"column":56}},"7":{"start":{"line":12,"column":4},"end":{"line":14,"column":5}},"8":{"start":{"line":13,"column":8},"end":{"line":13,"column":68}},"9":{"start":{"line":17,"column":4},"end":{"line":30,"column":7}},"10":{"start":{"line":18,"column":8},"end":{"line":20,"column":9}},"11":{"start":{"line":19,"column":12},"end":{"line":19,"column":70}},"12":{"start":{"line":24,"column":8},"end":{"line":26,"column":9}},"13":{"start":{"line":25,"column":12},"end":{"line":25,"column":78}},"14":{"start":{"line":28,"column":8},"end":{"line":28,"column":27}},"15":{"start":{"line":29,"column":8},"end":{"line":29,"column":15}},"16":{"start":{"line":34,"column":0},"end":{"line":78,"column":3}},"17":{"start":{"line":35,"column":20},"end":{"line":35,"column":31}},"18":{"start":{"line":36,"column":4},"end":{"line":77,"column":5}},"19":{"start":{"line":38,"column":37},"end":{"line":41,"column":9}},"20":{"start":{"line":43,"column":32},"end":{"line":43,"column":57}},"21":{"start":{"line":45,"column":8},"end":{"line":47,"column":9}},"22":{"start":{"line":46,"column":12},"end":{"line":46,"column":44}},"23":{"start":{"line":50,"column":30},"end":{"line":50,"column":75}},"24":{"start":{"line":50,"column":57},"end":{"line":50,"column":74}},"25":{"start":{"line":53,"column":37},"end":{"line":56,"column":9}},"26":{"start":{"line":58,"column":32},"end":{"line":58,"column":57}},"27":{"start":{"line":61,"column":23},"end":{"line":70,"column":10}},"28":{"start":{"line":62,"column":35},"end":{"line":62,"column":111}},"29":{"start":{"line":62,"column":67},"end":{"line":62,"column":110}},"30":{"start":{"line":63,"column":12},"end":{"line":69,"column":14}},"31":{"start":{"line":72,"column":8},"end":{"line":72,"column":37}},"32":{"start":{"line":75,"column":8},"end":{"line":75,"column":65}},"33":{"start":{"line":76,"column":8},"end":{"line":76,"column":72}},"34":{"start":{"line":80,"column":0},"end":{"line":80,"column":24}}},"fnMap":{"0":{"name":"(anonymous_0)","decl":{"start":{"line":8,"column":26},"end":{"line":8,"column":27}},"loc":{"start":{"line":8,"column":46},"end":{"line":31,"column":1}},"line":8},"1":{"name":"(anonymous_1)","decl":{"start":{"line":17,"column":46},"end":{"line":17,"column":47}},"loc":{"start":{"line":17,"column":64},"end":{"line":30,"column":5}},"line":17},"2":{"name":"(anonymous_2)","decl":{"start":{"line":34,"column":36},"end":{"line":34,"column":37}},"loc":{"start":{"line":34,"column":56},"end":{"line":78,"column":1}},"line":34},"3":{"name":"(anonymous_3)","decl":{"start":{"line":50,"column":50},"end":{"line":50,"column":51}},"loc":{"start":{"line":50,"column":57},"end":{"line":50,"column":74}},"line":50},"4":{"name":"(anonymous_4)","decl":{"start":{"line":61,"column":43},"end":{"line":61,"column":44}},"loc":{"start":{"line":61,"column":50},"end":{"line":70,"column":9}},"line":61},"5":{"name":"(anonymous_5)","decl":{"start":{"line":62,"column":56},"end":{"line":62,"column":57}},"loc":{"start":{"line":62,"column":67},"end":{"line":62,"column":110}},"line":62}},"branchMap":{"0":{"loc":{"start":{"line":10,"column":18},"end":{"line":10,"column":56}},"type":"binary-expr","locations":[{"start":{"line":10,"column":18},"end":{"line":10,"column":28}},{"start":{"line":10,"column":32},"end":{"line":10,"column":56}}],"line":10},"1":{"loc":{"start":{"line":12,"column":4},"end":{"line":14,"column":5}},"type":"if","locations":[{"start":{"line":12,"column":4},"end":{"line":14,"column":5}},{"start":{},"end":{}}],"line":12},"2":{"loc":{"start":{"line":18,"column":8},"end":{"line":20,"column":9}},"type":"if","locations":[{"start":{"line":18,"column":8},"end":{"line":20,"column":9}},{"start":{},"end":{}}],"line":18},"3":{"loc":{"start":{"line":24,"column":8},"end":{"line":26,"column":9}},"type":"if","locations":[{"start":{"line":24,"column":8},"end":{"line":26,"column":9}},{"start":{},"end":{}}],"line":24},"4":{"loc":{"start":{"line":24,"column":12},"end":{"line":24,"column":35}},"type":"binary-expr","locations":[{"start":{"line":24,"column":12},"end":{"line":24,"column":20}},{"start":{"line":24,"column":24},"end":{"line":24,"column":35}}],"line":24},"5":{"loc":{"start":{"line":45,"column":8},"end":{"line":47,"column":9}},"type":"if","locations":[{"start":{"line":45,"column":8},"end":{"line":47,"column":9}},{"start":{},"end":{}}],"line":45},"6":{"loc":{"start":{"line":64,"column":22},"end":{"line":64,"column":81}},"type":"cond-expr","locations":[{"start":{"line":64,"column":39},"end":{"line":64,"column":58}},{"start":{"line":64,"column":61},"end":{"line":64,"column":81}}],"line":64}},"s":{"0":6,"1":6,"2":6,"3":6,"4":6,"5":0,"6":0,"7":0,"8":0,"9":0,"10":0,"11":0,"12":0,"13":0,"14":0,"15":0,"16":6,"17":0,"18":0,"19":0,"20":0,"21":0,"22":0,"23":0,"24":0,"25":0,"26":0,"27":0,"28":0,"29":0,"30":0,"31":0,"32":0,"33":0,"34":6},"f":{"0":0,"1":0,"2":0,"3":0,"4":0,"5":0},"b":{"0":[0,0],"1":[0,0],"2":[0,0],"3":[0,0],"4":[0,0],"5":[0,0],"6":[0,0]},"_coverageSchema":"1a1c01bbd47fc00a2c39e90264f33305004495a9","hash":"e6895795ebdb0e974ea0806d7a14211d3e7b8087"}
,"/Users/marwankabir/Desktop/Team6/server/nutrition/nutritionGet.js": {"path":"/Users/marwankabir/Desktop/Team6/server/nutrition/nutritionGet.js","statementMap":{"0":{"start":{"line":1,"column":16},"end":{"line":1,"column":34}},"1":{"start":{"line":2,"column":13},"end":{"line":2,"column":29}},"2":{"start":{"line":3,"column":15},"end":{"line":3,"column":31}},"3":{"start":{"line":4,"column":12},"end":{"line":4,"column":35}},"4":{"start":{"line":7,"column":26},"end":{"line":29,"column":1}},"5":{"start":{"line":8,"column":23},"end":{"line":8,"column":51}},"6":{"start":{"line":9,"column":18},"end":{"line":9,"column":56}},"7":{"start":{"line":11,"column":4},"end":{"line":13,"column":5}},"8":{"start":{"line":12,"column":8},"end":{"line":12,"column":68}},"9":{"start":{"line":16,"column":4},"end":{"line":28,"column":7}},"10":{"start":{"line":17,"column":8},"end":{"line":19,"column":9}},"11":{"start":{"line":18,"column":12},"end":{"line":18,"column":70}},"12":{"start":{"line":22,"column":8},"end":{"line":24,"column":9}},"13":{"start":{"line":23,"column":12},"end":{"line":23,"column":78}},"14":{"start":{"line":26,"column":8},"end":{"line":26,"column":27}},"15":{"start":{"line":27,"column":8},"end":{"line":27,"column":15}},"16":{"start":{"line":32,"column":0},"end":{"line":53,"column":3}},"17":{"start":{"line":33,"column":20},"end":{"line":33,"column":31}},"18":{"start":{"line":35,"column":4},"end":{"line":52,"column":5}},"19":{"start":{"line":37,"column":27},"end":{"line":37,"column":84}},"20":{"start":{"line":38,"column":28},"end":{"line":38,"column":67}},"21":{"start":{"line":39,"column":33},"end":{"line":39,"column":52}},"22":{"start":{"line":41,"column":29},"end":{"line":41,"column":75}},"23":{"start":{"line":42,"column":30},"end":{"line":42,"column":71}},"24":{"start":{"line":43,"column":31},"end":{"line":43,"column":52}},"25":{"start":{"line":45,"column":8},"end":{"line":48,"column":11}},"26":{"start":{"line":51,"column":8},"end":{"line":51,"column":81}},"27":{"start":{"line":54,"column":0},"end":{"line":54,"column":24}}},"fnMap":{"0":{"name":"(anonymous_0)","decl":{"start":{"line":7,"column":26},"end":{"line":7,"column":27}},"loc":{"start":{"line":7,"column":46},"end":{"line":29,"column":1}},"line":7},"1":{"name":"(anonymous_1)","decl":{"start":{"line":16,"column":46},"end":{"line":16,"column":47}},"loc":{"start":{"line":16,"column":64},"end":{"line":28,"column":5}},"line":16},"2":{"name":"(anonymous_2)","decl":{"start":{"line":32,"column":35},"end":{"line":32,"column":36}},"loc":{"start":{"line":32,"column":55},"end":{"line":53,"column":1}},"line":32}},"branchMap":{"0":{"loc":{"start":{"line":9,"column":18},"end":{"line":9,"column":56}},"type":"binary-expr","locations":[{"start":{"line":9,"column":18},"end":{"line":9,"column":28}},{"start":{"line":9,"column":32},"end":{"line":9,"column":56}}],"line":9},"1":{"loc":{"start":{"line":11,"column":4},"end":{"line":13,"column":5}},"type":"if","locations":[{"start":{"line":11,"column":4},"end":{"line":13,"column":5}},{"start":{},"end":{}}],"line":11},"2":{"loc":{"start":{"line":17,"column":8},"end":{"line":19,"column":9}},"type":"if","locations":[{"start":{"line":17,"column":8},"end":{"line":19,"column":9}},{"start":{},"end":{}}],"line":17},"3":{"loc":{"start":{"line":22,"column":8},"end":{"line":24,"column":9}},"type":"if","locations":[{"start":{"line":22,"column":8},"end":{"line":24,"column":9}},{"start":{},"end":{}}],"line":22},"4":{"loc":{"start":{"line":22,"column":12},"end":{"line":22,"column":35}},"type":"binary-expr","locations":[{"start":{"line":22,"column":12},"end":{"line":22,"column":20}},{"start":{"line":22,"column":24},"end":{"line":22,"column":35}}],"line":22}},"s":{"0":6,"1":6,"2":6,"3":6,"4":6,"5":4,"6":4,"7":4,"8":1,"9":3,"10":3,"11":0,"12":3,"13":0,"14":3,"15":3,"16":6,"17":3,"18":3,"19":3,"20":3,"21":2,"22":2,"23":2,"24":2,"25":2,"26":1,"27":6},"f":{"0":4,"1":3,"2":3},"b":{"0":[4,3],"1":[1,3],"2":[0,3],"3":[0,3],"4":[3,3]},"_coverageSchema":"1a1c01bbd47fc00a2c39e90264f33305004495a9","hash":"63751ce0de002a00daf5e173e43ced90c56cb2cb"}
,"/Users/marwankabir/Desktop/Team6/server/nutrition/nutritionUpdate.js": {"path":"/Users/marwankabir/Desktop/Team6/server/nutrition/nutritionUpdate.js","statementMap":{"0":{"start":{"line":1,"column":16},"end":{"line":1,"column":34}},"1":{"start":{"line":2,"column":13},"end":{"line":2,"column":29}},"2":{"start":{"line":3,"column":15},"end":{"line":3,"column":31}},"3":{"start":{"line":4,"column":12},"end":{"line":4,"column":35}},"4":{"start":{"line":7,"column":26},"end":{"line":29,"column":1}},"5":{"start":{"line":8,"column":23},"end":{"line":8,"column":51}},"6":{"start":{"line":9,"column":18},"end":{"line":9,"column":56}},"7":{"start":{"line":11,"column":4},"end":{"line":13,"column":5}},"8":{"start":{"line":12,"column":8},"end":{"line":12,"column":68}},"9":{"start":{"line":16,"column":4},"end":{"line":28,"column":7}},"10":{"start":{"line":17,"column":8},"end":{"line":19,"column":9}},"11":{"start":{"line":18,"column":12},"end":{"line":18,"column":70}},"12":{"start":{"line":22,"column":8},"end":{"line":24,"column":9}},"13":{"start":{"line":23,"column":12},"end":{"line":23,"column":78}},"14":{"start":{"line":26,"column":8},"end":{"line":26,"column":27}},"15":{"start":{"line":27,"column":8},"end":{"line":27,"column":15}},"16":{"start":{"line":32,"column":0},"end":{"line":67,"column":3}},"17":{"start":{"line":33,"column":20},"end":{"line":33,"column":31}},"18":{"start":{"line":34,"column":22},"end":{"line":34,"column":30}},"19":{"start":{"line":36,"column":4},"end":{"line":66,"column":5}},"20":{"start":{"line":37,"column":28},"end":{"line":49,"column":5}},"21":{"start":{"line":50,"column":4},"end":{"line":60,"column":7}},"22":{"start":{"line":63,"column":8},"end":{"line":63,"column":60}},"23":{"start":{"line":65,"column":8},"end":{"line":65,"column":82}},"24":{"start":{"line":68,"column":0},"end":{"line":68,"column":24}}},"fnMap":{"0":{"name":"(anonymous_0)","decl":{"start":{"line":7,"column":26},"end":{"line":7,"column":27}},"loc":{"start":{"line":7,"column":46},"end":{"line":29,"column":1}},"line":7},"1":{"name":"(anonymous_1)","decl":{"start":{"line":16,"column":46},"end":{"line":16,"column":47}},"loc":{"start":{"line":16,"column":64},"end":{"line":28,"column":5}},"line":16},"2":{"name":"(anonymous_2)","decl":{"start":{"line":32,"column":36},"end":{"line":32,"column":37}},"loc":{"start":{"line":32,"column":56},"end":{"line":67,"column":1}},"line":32}},"branchMap":{"0":{"loc":{"start":{"line":9,"column":18},"end":{"line":9,"column":56}},"type":"binary-expr","locations":[{"start":{"line":9,"column":18},"end":{"line":9,"column":28}},{"start":{"line":9,"column":32},"end":{"line":9,"column":56}}],"line":9},"1":{"loc":{"start":{"line":11,"column":4},"end":{"line":13,"column":5}},"type":"if","locations":[{"start":{"line":11,"column":4},"end":{"line":13,"column":5}},{"start":{},"end":{}}],"line":11},"2":{"loc":{"start":{"line":17,"column":8},"end":{"line":19,"column":9}},"type":"if","locations":[{"start":{"line":17,"column":8},"end":{"line":19,"column":9}},{"start":{},"end":{}}],"line":17},"3":{"loc":{"start":{"line":22,"column":8},"end":{"line":24,"column":9}},"type":"if","locations":[{"start":{"line":22,"column":8},"end":{"line":24,"column":9}},{"start":{},"end":{}}],"line":22},"4":{"loc":{"start":{"line":22,"column":12},"end":{"line":22,"column":35}},"type":"binary-expr","locations":[{"start":{"line":22,"column":12},"end":{"line":22,"column":20}},{"start":{"line":22,"column":24},"end":{"line":22,"column":35}}],"line":22},"5":{"loc":{"start":{"line":51,"column":8},"end":{"line":51,"column":51}},"type":"cond-expr","locations":[{"start":{"line":51,"column":31},"end":{"line":51,"column":35}},{"start":{"line":51,"column":38},"end":{"line":51,"column":51}}],"line":51},"6":{"loc":{"start":{"line":52,"column":8},"end":{"line":52,"column":63}},"type":"cond-expr","locations":[{"start":{"line":52,"column":37},"end":{"line":52,"column":41}},{"start":{"line":52,"column":44},"end":{"line":52,"column":63}}],"line":52},"7":{"loc":{"start":{"line":53,"column":8},"end":{"line":53,"column":55}},"type":"cond-expr","locations":[{"start":{"line":53,"column":33},"end":{"line":53,"column":37}},{"start":{"line":53,"column":40},"end":{"line":53,"column":55}}],"line":53},"8":{"loc":{"start":{"line":54,"column":8},"end":{"line":54,"column":63}},"type":"cond-expr","locations":[{"start":{"line":54,"column":37},"end":{"line":54,"column":41}},{"start":{"line":54,"column":44},"end":{"line":54,"column":63}}],"line":54},"9":{"loc":{"start":{"line":55,"column":8},"end":{"line":55,"column":47}},"type":"cond-expr","locations":[{"start":{"line":55,"column":29},"end":{"line":55,"column":33}},{"start":{"line":55,"column":36},"end":{"line":55,"column":47}}],"line":55},"10":{"loc":{"start":{"line":56,"column":8},"end":{"line":56,"column":49}},"type":"cond-expr","locations":[{"start":{"line":56,"column":30},"end":{"line":56,"column":34}},{"start":{"line":56,"column":37},"end":{"line":56,"column":49}}],"line":56},"11":{"loc":{"start":{"line":57,"column":8},"end":{"line":57,"column":47}},"type":"cond-expr","locations":[{"start":{"line":57,"column":29},"end":{"line":57,"column":33}},{"start":{"line":57,"column":36},"end":{"line":57,"column":47}}],"line":57},"12":{"loc":{"start":{"line":58,"column":8},"end":{"line":58,"column":51}},"type":"cond-expr","locations":[{"start":{"line":58,"column":31},"end":{"line":58,"column":35}},{"start":{"line":58,"column":37},"end":{"line":58,"column":51}}],"line":58}},"s":{"0":6,"1":6,"2":6,"3":6,"4":6,"5":5,"6":5,"7":5,"8":0,"9":5,"10":5,"11":1,"12":4,"13":0,"14":4,"15":4,"16":6,"17":4,"18":4,"19":4,"20":4,"21":4,"22":2,"23":2,"24":6},"f":{"0":5,"1":5,"2":4},"b":{"0":[5,5],"1":[0,5],"2":[1,4],"3":[0,4],"4":[4,4],"5":[1,2],"6":[0,3],"7":[0,3],"8":[0,3],"9":[1,2],"10":[0,3],"11":[0,3],"12":[0,3]},"_coverageSchema":"1a1c01bbd47fc00a2c39e90264f33305004495a9","hash":"0ad69e640b05c1a7e7955c48559206cfad1cab4d"}
,"/Users/marwankabir/Desktop/Team6/server/plan/planAdd.js": {"path":"/Users/marwankabir/Desktop/Team6/server/plan/planAdd.js","statementMap":{"0":{"start":{"line":1,"column":16},"end":{"line":1,"column":34}},"1":{"start":{"line":2,"column":13},"end":{"line":2,"column":29}},"2":{"start":{"line":3,"column":15},"end":{"line":3,"column":31}},"3":{"start":{"line":4,"column":12},"end":{"line":4,"column":35}},"4":{"start":{"line":7,"column":26},"end":{"line":29,"column":1}},"5":{"start":{"line":8,"column":23},"end":{"line":8,"column":51}},"6":{"start":{"line":9,"column":18},"end":{"line":9,"column":56}},"7":{"start":{"line":11,"column":4},"end":{"line":13,"column":5}},"8":{"start":{"line":12,"column":8},"end":{"line":12,"column":68}},"9":{"start":{"line":16,"column":4},"end":{"line":28,"column":7}},"10":{"start":{"line":17,"column":8},"end":{"line":19,"column":9}},"11":{"start":{"line":18,"column":12},"end":{"line":18,"column":70}},"12":{"start":{"line":22,"column":8},"end":{"line":24,"column":9}},"13":{"start":{"line":23,"column":12},"end":{"line":23,"column":78}},"14":{"start":{"line":26,"column":8},"end":{"line":26,"column":27}},"15":{"start":{"line":27,"column":8},"end":{"line":27,"column":15}},"16":{"start":{"line":31,"column":0},"end":{"line":178,"column":3}},"17":{"start":{"line":32,"column":25},"end":{"line":32,"column":33}},"18":{"start":{"line":33,"column":20},"end":{"line":33,"column":31}},"19":{"start":{"line":35,"column":4},"end":{"line":177,"column":5}},"20":{"start":{"line":37,"column":27},"end":{"line":40,"column":9}},"21":{"start":{"line":42,"column":8},"end":{"line":44,"column":9}},"22":{"start":{"line":43,"column":12},"end":{"line":43,"column":88}},"23":{"start":{"line":47,"column":28},"end":{"line":50,"column":9}},"24":{"start":{"line":53,"column":29},"end":{"line":62,"column":9}},"25":{"start":{"line":64,"column":20},"end":{"line":64,"column":122}},"26":{"start":{"line":65,"column":25},"end":{"line":71,"column":10}},"27":{"start":{"line":73,"column":23},"end":{"line":73,"column":44}},"28":{"start":{"line":74,"column":26},"end":{"line":74,"column":42}},"29":{"start":{"line":76,"column":8},"end":{"line":105,"column":11}},"30":{"start":{"line":77,"column":12},"end":{"line":104,"column":13}},"31":{"start":{"line":79,"column":20},"end":{"line":79,"column":63}},"32":{"start":{"line":80,"column":20},"end":{"line":80,"column":26}},"33":{"start":{"line":82,"column":20},"end":{"line":82,"column":62}},"34":{"start":{"line":83,"column":20},"end":{"line":83,"column":26}},"35":{"start":{"line":85,"column":20},"end":{"line":85,"column":68}},"36":{"start":{"line":86,"column":20},"end":{"line":86,"column":26}},"37":{"start":{"line":88,"column":20},"end":{"line":88,"column":64}},"38":{"start":{"line":89,"column":20},"end":{"line":89,"column":26}},"39":{"start":{"line":91,"column":20},"end":{"line":91,"column":68}},"40":{"start":{"line":92,"column":20},"end":{"line":92,"column":26}},"41":{"start":{"line":94,"column":20},"end":{"line":94,"column":60}},"42":{"start":{"line":95,"column":20},"end":{"line":95,"column":26}},"43":{"start":{"line":97,"column":20},"end":{"line":97,"column":61}},"44":{"start":{"line":98,"column":20},"end":{"line":98,"column":26}},"45":{"start":{"line":100,"column":20},"end":{"line":100,"column":60}},"46":{"start":{"line":101,"column":20},"end":{"line":101,"column":26}},"47":{"start":{"line":103,"column":20},"end":{"line":103,"column":26}},"48":{"start":{"line":108,"column":28},"end":{"line":111,"column":9}},"49":{"start":{"line":113,"column":8},"end":{"line":170,"column":9}},"50":{"start":{"line":114,"column":12},"end":{"line":129,"column":14}},"51":{"start":{"line":133,"column":33},"end":{"line":133,"column":52}},"52":{"start":{"line":135,"column":37},"end":{"line":144,"column":13}},"53":{"start":{"line":147,"column":12},"end":{"line":169,"column":14}},"54":{"start":{"line":173,"column":8},"end":{"line":173,"column":75}},"55":{"start":{"line":175,"column":8},"end":{"line":175,"column":61}},"56":{"start":{"line":176,"column":8},"end":{"line":176,"column":78}},"57":{"start":{"line":179,"column":0},"end":{"line":179,"column":24}}},"fnMap":{"0":{"name":"(anonymous_0)","decl":{"start":{"line":7,"column":26},"end":{"line":7,"column":27}},"loc":{"start":{"line":7,"column":46},"end":{"line":29,"column":1}},"line":7},"1":{"name":"(anonymous_1)","decl":{"start":{"line":16,"column":46},"end":{"line":16,"column":47}},"loc":{"start":{"line":16,"column":64},"end":{"line":28,"column":5}},"line":16},"2":{"name":"(anonymous_2)","decl":{"start":{"line":31,"column":36},"end":{"line":31,"column":37}},"loc":{"start":{"line":31,"column":56},"end":{"line":178,"column":1}},"line":31},"3":{"name":"(anonymous_3)","decl":{"start":{"line":76,"column":26},"end":{"line":76,"column":27}},"loc":{"start":{"line":76,"column":38},"end":{"line":105,"column":9}},"line":76}},"branchMap":{"0":{"loc":{"start":{"line":9,"column":18},"end":{"line":9,"column":56}},"type":"binary-expr","locations":[{"start":{"line":9,"column":18},"end":{"line":9,"column":28}},{"start":{"line":9,"column":32},"end":{"line":9,"column":56}}],"line":9},"1":{"loc":{"start":{"line":11,"column":4},"end":{"line":13,"column":5}},"type":"if","locations":[{"start":{"line":11,"column":4},"end":{"line":13,"column":5}},{"start":{},"end":{}}],"line":11},"2":{"loc":{"start":{"line":17,"column":8},"end":{"line":19,"column":9}},"type":"if","locations":[{"start":{"line":17,"column":8},"end":{"line":19,"column":9}},{"start":{},"end":{}}],"line":17},"3":{"loc":{"start":{"line":22,"column":8},"end":{"line":24,"column":9}},"type":"if","locations":[{"start":{"line":22,"column":8},"end":{"line":24,"column":9}},{"start":{},"end":{}}],"line":22},"4":{"loc":{"start":{"line":22,"column":12},"end":{"line":22,"column":35}},"type":"binary-expr","locations":[{"start":{"line":22,"column":12},"end":{"line":22,"column":20}},{"start":{"line":22,"column":24},"end":{"line":22,"column":35}}],"line":22},"5":{"loc":{"start":{"line":42,"column":8},"end":{"line":44,"column":9}},"type":"if","locations":[{"start":{"line":42,"column":8},"end":{"line":44,"column":9}},{"start":{},"end":{}}],"line":42},"6":{"loc":{"start":{"line":77,"column":12},"end":{"line":104,"column":13}},"type":"switch","locations":[{"start":{"line":78,"column":16},"end":{"line":80,"column":26}},{"start":{"line":81,"column":16},"end":{"line":83,"column":26}},{"start":{"line":84,"column":16},"end":{"line":86,"column":26}},{"start":{"line":87,"column":16},"end":{"line":89,"column":26}},{"start":{"line":90,"column":16},"end":{"line":92,"column":26}},{"start":{"line":93,"column":16},"end":{"line":95,"column":26}},{"start":{"line":96,"column":16},"end":{"line":98,"column":26}},{"start":{"line":99,"column":16},"end":{"line":101,"column":26}},{"start":{"line":102,"column":16},"end":{"line":103,"column":26}}],"line":77},"7":{"loc":{"start":{"line":113,"column":8},"end":{"line":170,"column":9}},"type":"if","locations":[{"start":{"line":113,"column":8},"end":{"line":170,"column":9}},{"start":{"line":132,"column":13},"end":{"line":170,"column":9}}],"line":113},"8":{"loc":{"start":{"line":136,"column":25},"end":{"line":136,"column":118}},"type":"cond-expr","locations":[{"start":{"line":136,"column":48},"end":{"line":136,"column":93}},{"start":{"line":136,"column":96},"end":{"line":136,"column":118}}],"line":136},"9":{"loc":{"start":{"line":137,"column":31},"end":{"line":137,"column":148}},"type":"cond-expr","locations":[{"start":{"line":137,"column":60},"end":{"line":137,"column":117}},{"start":{"line":137,"column":120},"end":{"line":137,"column":148}}],"line":137},"10":{"loc":{"start":{"line":138,"column":27},"end":{"line":138,"column":128}},"type":"cond-expr","locations":[{"start":{"line":138,"column":52},"end":{"line":138,"column":101}},{"start":{"line":138,"column":104},"end":{"line":138,"column":128}}],"line":138},"11":{"loc":{"start":{"line":139,"column":31},"end":{"line":139,"column":148}},"type":"cond-expr","locations":[{"start":{"line":139,"column":60},"end":{"line":139,"column":117}},{"start":{"line":139,"column":120},"end":{"line":139,"column":148}}],"line":139},"12":{"loc":{"start":{"line":140,"column":23},"end":{"line":140,"column":108}},"type":"cond-expr","locations":[{"start":{"line":140,"column":44},"end":{"line":140,"column":85}},{"start":{"line":140,"column":88},"end":{"line":140,"column":108}}],"line":140},"13":{"loc":{"start":{"line":141,"column":24},"end":{"line":141,"column":113}},"type":"cond-expr","locations":[{"start":{"line":141,"column":46},"end":{"line":141,"column":89}},{"start":{"line":141,"column":92},"end":{"line":141,"column":113}}],"line":141},"14":{"loc":{"start":{"line":142,"column":23},"end":{"line":142,"column":108}},"type":"cond-expr","locations":[{"start":{"line":142,"column":44},"end":{"line":142,"column":85}},{"start":{"line":142,"column":88},"end":{"line":142,"column":108}}],"line":142},"15":{"loc":{"start":{"line":143,"column":26},"end":{"line":143,"column":123}},"type":"cond-expr","locations":[{"start":{"line":143,"column":50},"end":{"line":143,"column":97}},{"start":{"line":143,"column":100},"end":{"line":143,"column":123}}],"line":143}},"s":{"0":6,"1":6,"2":6,"3":6,"4":6,"5":0,"6":0,"7":0,"8":0,"9":0,"10":0,"11":0,"12":0,"13":0,"14":0,"15":0,"16":6,"17":0,"18":0,"19":0,"20":0,"21":0,"22":0,"23":0,"24":0,"25":0,"26":0,"27":0,"28":0,"29":0,"30":0,"31":0,"32":0,"33":0,"34":0,"35":0,"36":0,"37":0,"38":0,"39":0,"40":0,"41":0,"42":0,"43":0,"44":0,"45":0,"46":0,"47":0,"48":0,"49":0,"50":0,"51":0,"52":0,"53":0,"54":0,"55":0,"56":0,"57":6},"f":{"0":0,"1":0,"2":0,"3":0},"b":{"0":[0,0],"1":[0,0],"2":[0,0],"3":[0,0],"4":[0,0],"5":[0,0],"6":[0,0,0,0,0,0,0,0,0],"7":[0,0],"8":[0,0],"9":[0,0],"10":[0,0],"11":[0,0],"12":[0,0],"13":[0,0],"14":[0,0],"15":[0,0]},"_coverageSchema":"1a1c01bbd47fc00a2c39e90264f33305004495a9","hash":"e6f91153a8e29eb4d6dacfcc7a2b665c0aa4e2d8"}
,"/Users/marwankabir/Desktop/Team6/server/plan/planGet.js": {"path":"/Users/marwankabir/Desktop/Team6/server/plan/planGet.js","statementMap":{"0":{"start":{"line":1,"column":16},"end":{"line":1,"column":34}},"1":{"start":{"line":2,"column":13},"end":{"line":2,"column":29}},"2":{"start":{"line":3,"column":15},"end":{"line":3,"column":31}},"3":{"start":{"line":4,"column":12},"end":{"line":4,"column":35}},"4":{"start":{"line":5,"column":14},"end":{"line":5,"column":30}},"5":{"start":{"line":8,"column":26},"end":{"line":30,"column":1}},"6":{"start":{"line":9,"column":23},"end":{"line":9,"column":51}},"7":{"start":{"line":10,"column":18},"end":{"line":10,"column":56}},"8":{"start":{"line":12,"column":4},"end":{"line":14,"column":5}},"9":{"start":{"line":13,"column":8},"end":{"line":13,"column":68}},"10":{"start":{"line":17,"column":4},"end":{"line":29,"column":7}},"11":{"start":{"line":18,"column":8},"end":{"line":20,"column":9}},"12":{"start":{"line":19,"column":12},"end":{"line":19,"column":70}},"13":{"start":{"line":23,"column":8},"end":{"line":25,"column":9}},"14":{"start":{"line":24,"column":12},"end":{"line":24,"column":78}},"15":{"start":{"line":27,"column":8},"end":{"line":27,"column":27}},"16":{"start":{"line":28,"column":8},"end":{"line":28,"column":15}},"17":{"start":{"line":32,"column":0},"end":{"line":70,"column":3}},"18":{"start":{"line":33,"column":21},"end":{"line":33,"column":32}},"19":{"start":{"line":35,"column":4},"end":{"line":68,"column":5}},"20":{"start":{"line":37,"column":28},"end":{"line":40,"column":9}},"21":{"start":{"line":42,"column":26},"end":{"line":42,"column":68}},"22":{"start":{"line":42,"column":54},"end":{"line":42,"column":67}},"23":{"start":{"line":44,"column":8},"end":{"line":46,"column":9}},"24":{"start":{"line":45,"column":12},"end":{"line":45,"column":101}},"25":{"start":{"line":48,"column":32},"end":{"line":48,"column":51}},"26":{"start":{"line":50,"column":24},"end":{"line":58,"column":9}},"27":{"start":{"line":60,"column":25},"end":{"line":60,"column":53}},"28":{"start":{"line":61,"column":24},"end":{"line":61,"column":37}},"29":{"start":{"line":64,"column":8},"end":{"line":64,"column":42}},"30":{"start":{"line":66,"column":8},"end":{"line":66,"column":58}},"31":{"start":{"line":67,"column":8},"end":{"line":67,"column":73}},"32":{"start":{"line":71,"column":0},"end":{"line":71,"column":24}}},"fnMap":{"0":{"name":"(anonymous_0)","decl":{"start":{"line":8,"column":26},"end":{"line":8,"column":27}},"loc":{"start":{"line":8,"column":46},"end":{"line":30,"column":1}},"line":8},"1":{"name":"(anonymous_1)","decl":{"start":{"line":17,"column":46},"end":{"line":17,"column":47}},"loc":{"start":{"line":17,"column":64},"end":{"line":29,"column":5}},"line":17},"2":{"name":"(anonymous_2)","decl":{"start":{"line":32,"column":35},"end":{"line":32,"column":36}},"loc":{"start":{"line":32,"column":55},"end":{"line":70,"column":1}},"line":32},"3":{"name":"(anonymous_3)","decl":{"start":{"line":42,"column":47},"end":{"line":42,"column":48}},"loc":{"start":{"line":42,"column":54},"end":{"line":42,"column":67}},"line":42}},"branchMap":{"0":{"loc":{"start":{"line":10,"column":18},"end":{"line":10,"column":56}},"type":"binary-expr","locations":[{"start":{"line":10,"column":18},"end":{"line":10,"column":28}},{"start":{"line":10,"column":32},"end":{"line":10,"column":56}}],"line":10},"1":{"loc":{"start":{"line":12,"column":4},"end":{"line":14,"column":5}},"type":"if","locations":[{"start":{"line":12,"column":4},"end":{"line":14,"column":5}},{"start":{},"end":{}}],"line":12},"2":{"loc":{"start":{"line":18,"column":8},"end":{"line":20,"column":9}},"type":"if","locations":[{"start":{"line":18,"column":8},"end":{"line":20,"column":9}},{"start":{},"end":{}}],"line":18},"3":{"loc":{"start":{"line":23,"column":8},"end":{"line":25,"column":9}},"type":"if","locations":[{"start":{"line":23,"column":8},"end":{"line":25,"column":9}},{"start":{},"end":{}}],"line":23},"4":{"loc":{"start":{"line":23,"column":12},"end":{"line":23,"column":35}},"type":"binary-expr","locations":[{"start":{"line":23,"column":12},"end":{"line":23,"column":20}},{"start":{"line":23,"column":24},"end":{"line":23,"column":35}}],"line":23},"5":{"loc":{"start":{"line":44,"column":8},"end":{"line":46,"column":9}},"type":"if","locations":[{"start":{"line":44,"column":8},"end":{"line":46,"column":9}},{"start":{},"end":{}}],"line":44}},"s":{"0":6,"1":6,"2":6,"3":6,"4":6,"5":6,"6":5,"7":5,"8":5,"9":1,"10":4,"11":4,"12":1,"13":3,"14":0,"15":3,"16":3,"17":6,"18":3,"19":3,"20":3,"21":3,"22":3,"23":3,"24":1,"25":2,"26":2,"27":2,"28":1,"29":1,"30":1,"31":1,"32":6},"f":{"0":5,"1":4,"2":3,"3":3},"b":{"0":[5,4],"1":[1,4],"2":[1,3],"3":[0,3],"4":[3,3],"5":[1,2]},"_coverageSchema":"1a1c01bbd47fc00a2c39e90264f33305004495a9","hash":"85f2201ebf940e61f7403b2df10bdb539ac6d33c"}
,"/Users/marwankabir/Desktop/Team6/server/plan/planRemove.js": {"path":"/Users/marwankabir/Desktop/Team6/server/plan/planRemove.js","statementMap":{"0":{"start":{"line":1,"column":16},"end":{"line":1,"column":34}},"1":{"start":{"line":2,"column":13},"end":{"line":2,"column":29}},"2":{"start":{"line":3,"column":15},"end":{"line":3,"column":31}},"3":{"start":{"line":4,"column":12},"end":{"line":4,"column":35}},"4":{"start":{"line":7,"column":26},"end":{"line":29,"column":1}},"5":{"start":{"line":8,"column":23},"end":{"line":8,"column":51}},"6":{"start":{"line":9,"column":18},"end":{"line":9,"column":56}},"7":{"start":{"line":11,"column":4},"end":{"line":13,"column":5}},"8":{"start":{"line":12,"column":8},"end":{"line":12,"column":68}},"9":{"start":{"line":16,"column":4},"end":{"line":28,"column":7}},"10":{"start":{"line":17,"column":8},"end":{"line":19,"column":9}},"11":{"start":{"line":18,"column":12},"end":{"line":18,"column":70}},"12":{"start":{"line":22,"column":8},"end":{"line":24,"column":9}},"13":{"start":{"line":23,"column":12},"end":{"line":23,"column":78}},"14":{"start":{"line":26,"column":8},"end":{"line":26,"column":27}},"15":{"start":{"line":27,"column":8},"end":{"line":27,"column":15}},"16":{"start":{"line":31,"column":0},"end":{"line":54,"column":3}},"17":{"start":{"line":32,"column":25},"end":{"line":32,"column":33}},"18":{"start":{"line":33,"column":20},"end":{"line":33,"column":31}},"19":{"start":{"line":35,"column":4},"end":{"line":53,"column":5}},"20":{"start":{"line":37,"column":23},"end":{"line":40,"column":9}},"21":{"start":{"line":42,"column":8},"end":{"line":48,"column":9}},"22":{"start":{"line":44,"column":12},"end":{"line":44,"column":88}},"23":{"start":{"line":47,"column":12},"end":{"line":47,"column":80}},"24":{"start":{"line":51,"column":8},"end":{"line":51,"column":63}},"25":{"start":{"line":52,"column":8},"end":{"line":52,"column":80}},"26":{"start":{"line":55,"column":0},"end":{"line":55,"column":24}}},"fnMap":{"0":{"name":"(anonymous_0)","decl":{"start":{"line":7,"column":26},"end":{"line":7,"column":27}},"loc":{"start":{"line":7,"column":46},"end":{"line":29,"column":1}},"line":7},"1":{"name":"(anonymous_1)","decl":{"start":{"line":16,"column":46},"end":{"line":16,"column":47}},"loc":{"start":{"line":16,"column":64},"end":{"line":28,"column":5}},"line":16},"2":{"name":"(anonymous_2)","decl":{"start":{"line":31,"column":38},"end":{"line":31,"column":39}},"loc":{"start":{"line":31,"column":58},"end":{"line":54,"column":1}},"line":31}},"branchMap":{"0":{"loc":{"start":{"line":9,"column":18},"end":{"line":9,"column":56}},"type":"binary-expr","locations":[{"start":{"line":9,"column":18},"end":{"line":9,"column":28}},{"start":{"line":9,"column":32},"end":{"line":9,"column":56}}],"line":9},"1":{"loc":{"start":{"line":11,"column":4},"end":{"line":13,"column":5}},"type":"if","locations":[{"start":{"line":11,"column":4},"end":{"line":13,"column":5}},{"start":{},"end":{}}],"line":11},"2":{"loc":{"start":{"line":17,"column":8},"end":{"line":19,"column":9}},"type":"if","locations":[{"start":{"line":17,"column":8},"end":{"line":19,"column":9}},{"start":{},"end":{}}],"line":17},"3":{"loc":{"start":{"line":22,"column":8},"end":{"line":24,"column":9}},"type":"if","locations":[{"start":{"line":22,"column":8},"end":{"line":24,"column":9}},{"start":{},"end":{}}],"line":22},"4":{"loc":{"start":{"line":22,"column":12},"end":{"line":22,"column":35}},"type":"binary-expr","locations":[{"start":{"line":22,"column":12},"end":{"line":22,"column":20}},{"start":{"line":22,"column":24},"end":{"line":22,"column":35}}],"line":22},"5":{"loc":{"start":{"line":42,"column":8},"end":{"line":48,"column":9}},"type":"if","locations":[{"start":{"line":42,"column":8},"end":{"line":48,"column":9}},{"start":{"line":45,"column":15},"end":{"line":48,"column":9}}],"line":42}},"s":{"0":6,"1":6,"2":6,"3":6,"4":6,"5":3,"6":3,"7":3,"8":0,"9":3,"10":3,"11":0,"12":3,"13":0,"14":3,"15":3,"16":6,"17":3,"18":3,"19":3,"20":3,"21":2,"22":1,"23":1,"24":1,"25":1,"26":6},"f":{"0":3,"1":3,"2":3},"b":{"0":[3,3],"1":[0,3],"2":[0,3],"3":[0,3],"4":[3,3],"5":[1,1]},"_coverageSchema":"1a1c01bbd47fc00a2c39e90264f33305004495a9","hash":"4e5417ff80c9c4b73277ead2adf5068ab805ad80"}
}
