TN:
SF:server/db.js
FN:18,(anonymous_0)
FNF:1
FNH:0
FNDA:0,(anonymous_0)
DA:2,7
DA:3,7
DA:6,7
DA:17,7
DA:18,0
LF:5
LH:4
BRF:0
BRH:0
end_of_record
TN:
SF:server/register.js
FN:6,(anonymous_0)
FN:65,(anonymous_1)
FNF:2
FNH:2
FNDA:8,(anonymous_0)
FNDA:24,(anonymous_1)
DA:1,6
DA:2,6
DA:3,6
DA:4,6
DA:6,6
DA:7,8
DA:8,8
DA:10,8
DA:12,8
DA:13,8
DA:14,8
DA:15,1
DA:19,5
DA:20,5
DA:21,5
DA:22,4
DA:25,4
DA:26,4
DA:29,4
DA:30,3
DA:31,3
DA:32,3
DA:33,3
DA:34,3
DA:35,2
DA:36,2
DA:37,2
DA:38,2
DA:40,0
DA:43,1
DA:49,4
DA:50,3
DA:51,6
DA:52,6
DA:53,6
DA:55,0
DA:61,4
DA:62,3
DA:65,24
DA:67,3
DA:82,3
DA:95,4
DA:97,3
DA:98,3
DA:102,6
LF:45
LH:43
BRDA:14,0,0,1
BRDA:14,0,1,5
BRDA:29,1,0,3
BRDA:29,1,1,1
BRDA:29,2,0,4
BRDA:29,2,1,3
BRDA:35,3,0,2
BRDA:35,3,1,0
BRDA:49,4,0,3
BRDA:49,4,1,1
BRDA:49,5,0,4
BRDA:49,5,1,3
BRDA:61,6,0,3
BRDA:61,6,1,1
BRDA:65,7,0,4
BRDA:65,7,1,20
BRF:16
BRH:15
end_of_record
TN:
SF:server/server.js
FN:39,(anonymous_0)
FN:43,(anonymous_1)
FN:47,(anonymous_2)
FN:74,(anonymous_3)
FN:103,(anonymous_4)
FN:107,(anonymous_5)
FN:117,(anonymous_6)
FN:132,(anonymous_7)
FN:146,(anonymous_8)
FN:165,(anonymous_9)
FNF:10
FNH:1
FNDA:0,(anonymous_0)
FNDA:0,(anonymous_1)
FNDA:0,(anonymous_2)
FNDA:2,(anonymous_3)
FNDA:0,(anonymous_4)
FNDA:0,(anonymous_5)
FNDA:0,(anonymous_6)
FNDA:0,(anonymous_7)
FNDA:0,(anonymous_8)
FNDA:0,(anonymous_9)
DA:1,6
DA:2,6
DA:3,6
DA:4,6
DA:5,6
DA:6,6
DA:7,6
DA:8,6
DA:9,6
DA:10,6
DA:11,6
DA:12,6
DA:13,6
DA:14,6
DA:15,6
DA:16,6
DA:17,6
DA:18,6
DA:19,6
DA:20,6
DA:21,6
DA:22,6
DA:23,6
DA:26,6
DA:33,6
DA:34,6
DA:37,6
DA:39,6
DA:40,0
DA:43,6
DA:44,0
DA:45,0
DA:47,0
DA:48,0
DA:49,0
DA:51,0
DA:52,0
DA:57,6
DA:58,6
DA:59,6
DA:60,6
DA:61,6
DA:62,6
DA:63,6
DA:64,6
DA:65,6
DA:66,6
DA:67,6
DA:68,6
DA:69,6
DA:70,6
DA:74,6
DA:75,2
DA:77,2
DA:78,2
DA:80,2
DA:81,1
DA:84,1
DA:86,1
DA:87,1
DA:88,0
DA:91,1
DA:95,1
DA:97,0
DA:98,0
DA:103,6
DA:104,0
DA:107,6
DA:108,0
DA:109,0
DA:110,0
DA:112,0
DA:113,0
DA:117,6
DA:118,0
DA:119,0
DA:128,0
DA:130,0
DA:131,0
DA:132,0
DA:133,0
DA:134,0
DA:135,0
DA:140,0
DA:146,0
DA:152,0
DA:154,0
DA:157,0
DA:158,0
DA:163,6
DA:164,0
DA:165,0
DA:166,0
DA:167,0
DA:171,6
LF:95
LH:59
BRDA:45,0,0,0
BRDA:45,0,1,0
BRDA:48,1,0,0
BRDA:48,1,1,0
BRDA:80,2,0,1
BRDA:80,2,1,1
BRDA:87,3,0,0
BRDA:87,3,1,1
BRDA:130,4,0,0
BRDA:130,4,1,0
BRDA:134,5,0,0
BRDA:134,5,1,0
BRDA:163,6,0,0
BRDA:163,6,1,6
BRDA:164,7,0,0
BRDA:164,7,1,0
BRF:16
BRH:4
end_of_record
TN:
SF:server/allergen/allergen.js
FN:7,(anonymous_0)
FN:16,(anonymous_1)
FN:31,(anonymous_2)
FN:43,(anonymous_3)
FNF:4
FNH:4
FNDA:6,(anonymous_0)
FNDA:5,(anonymous_1)
FNDA:3,(anonymous_2)
FNDA:4,(anonymous_3)
DA:1,6
DA:2,6
DA:3,6
DA:4,6
DA:7,6
DA:8,6
DA:9,6
DA:11,6
DA:12,1
DA:16,5
DA:17,5
DA:18,1
DA:22,4
DA:23,1
DA:26,3
DA:27,3
DA:31,6
DA:32,3
DA:34,3
DA:36,3
DA:43,2
DA:44,4
DA:47,4
DA:48,2
DA:49,2
DA:50,2
DA:52,0
DA:53,0
DA:56,2
DA:59,2
DA:61,1
DA:62,1
DA:65,6
LF:33
LH:31
BRDA:9,0,0,6
BRDA:9,0,1,5
BRDA:11,1,0,1
BRDA:11,1,1,5
BRDA:17,2,0,1
BRDA:17,2,1,4
BRDA:22,3,0,1
BRDA:22,3,1,3
BRDA:22,4,0,4
BRDA:22,4,1,4
BRDA:47,5,0,2
BRDA:47,5,1,2
BRF:12
BRH:12
end_of_record
TN:
SF:server/allergen/allergenAdd.js
FN:7,(anonymous_0)
FN:16,(anonymous_1)
FN:32,(anonymous_2)
FNF:3
FNH:3
FNDA:3,(anonymous_0)
FNDA:2,(anonymous_1)
FNDA:2,(anonymous_2)
DA:1,6
DA:2,6
DA:3,6
DA:4,6
DA:7,6
DA:8,3
DA:9,3
DA:11,3
DA:12,1
DA:16,2
DA:17,2
DA:18,0
DA:22,2
DA:23,0
DA:26,2
DA:27,2
DA:32,6
DA:33,2
DA:34,2
DA:35,2
DA:36,2
DA:38,2
DA:39,1
DA:41,1
DA:42,1
DA:46,6
LF:26
LH:24
BRDA:9,0,0,3
BRDA:9,0,1,2
BRDA:11,1,0,1
BRDA:11,1,1,2
BRDA:17,2,0,0
BRDA:17,2,1,2
BRDA:22,3,0,0
BRDA:22,3,1,2
BRDA:22,4,0,2
BRDA:22,4,1,2
BRF:10
BRH:8
end_of_record
TN:
SF:server/allergen/allergenRemove.js
FN:7,(anonymous_0)
FN:16,(anonymous_1)
FN:32,(anonymous_2)
FNF:3
FNH:3
FNDA:3,(anonymous_0)
FNDA:2,(anonymous_1)
FNDA:2,(anonymous_2)
DA:1,6
DA:2,6
DA:3,6
DA:4,6
DA:7,6
DA:8,3
DA:9,3
DA:11,3
DA:12,1
DA:16,2
DA:17,2
DA:18,0
DA:22,2
DA:23,0
DA:26,2
DA:27,2
DA:32,6
DA:33,2
DA:34,2
DA:36,2
DA:38,2
DA:40,2
DA:42,1
DA:44,1
DA:45,1
DA:48,6
LF:26
LH:24
BRDA:9,0,0,3
BRDA:9,0,1,2
BRDA:11,1,0,1
BRDA:11,1,1,2
BRDA:17,2,0,0
BRDA:17,2,1,2
BRDA:22,3,0,0
BRDA:22,3,1,2
BRDA:22,4,0,2
BRDA:22,4,1,2
BRF:10
BRH:8
end_of_record
TN:
SF:server/discover/discoverPage.js
FN:5,(anonymous_0)
FN:34,(anonymous_1)
FN:61,(anonymous_2)
FNF:3
FNH:3
FNDA:9,(anonymous_0)
FNDA:9,(anonymous_1)
FNDA:8,(anonymous_2)
DA:1,6
DA:2,6
DA:3,6
DA:5,6
DA:6,9
DA:8,9
DA:9,9
DA:15,9
DA:16,5
DA:28,5
DA:33,5
DA:34,9
DA:43,5
DA:45,0
DA:50,4
DA:58,4
DA:60,3
DA:61,8
DA:70,3
DA:72,0
DA:76,1
DA:77,1
DA:81,6
LF:23
LH:21
BRDA:6,0,0,7
BRDA:6,1,0,7
BRDA:15,2,0,5
BRDA:15,2,1,4
BRDA:15,3,0,9
BRDA:15,3,1,6
BRDA:15,3,2,5
BRDA:15,3,3,4
BRDA:15,3,4,4
BRDA:19,4,0,5
BRDA:19,4,1,2
BRDA:20,5,0,5
BRDA:20,5,1,4
BRDA:21,6,0,5
BRDA:21,6,1,3
BRDA:22,7,0,5
BRDA:22,7,1,4
BRDA:23,8,0,5
BRDA:23,8,1,5
BRDA:33,9,0,5
BRDA:33,9,1,0
BRDA:40,10,0,9
BRDA:40,10,1,0
BRDA:55,11,0,4
BRDA:55,11,1,4
BRDA:60,12,0,3
BRDA:60,12,1,0
BRDA:67,13,0,8
BRDA:67,13,1,0
BRF:29
BRH:25
end_of_record
TN:
SF:server/email_noti/cronJobs.js
FN:6,(anonymous_0)
FN:8,(anonymous_1)
FNF:2
FNH:0
FNDA:0,(anonymous_0)
FNDA:0,(anonymous_1)
DA:1,6
DA:2,6
DA:3,6
DA:4,6
DA:6,6
DA:8,0
DA:9,0
DA:15,6
LF:8
LH:6
BRF:0
BRH:0
end_of_record
TN:
SF:server/email_noti/email.js
FN:9,createTransporter
FN:19,getLowIngredients
FN:34,(anonymous_2)
FN:48,(anonymous_3)
FN:62,checkAndSendEmail
FN:77,(anonymous_5)
FNF:6
FNH:6
FNDA:1,createTransporter
FNDA:1,getLowIngredients
FNDA:2,(anonymous_2)
FNDA:1,(anonymous_3)
FNDA:1,checkAndSendEmail
FNDA:2,(anonymous_5)
DA:1,7
DA:2,7
DA:3,7
DA:4,7
DA:10,1
DA:20,1
DA:21,1
DA:30,1
DA:32,1
DA:33,1
DA:34,1
DA:35,2
DA:36,2
DA:37,1
DA:42,2
DA:48,1
DA:54,0
DA:57,0
DA:58,0
DA:63,1
DA:64,1
DA:65,0
DA:68,1
DA:69,1
DA:71,1
DA:73,1
DA:74,1
DA:75,1
DA:77,1
DA:78,2
DA:81,1
DA:87,1
DA:95,1
DA:96,1
DA:100,0
DA:103,0
DA:107,7
LF:37
LH:31
BRDA:32,0,0,1
BRDA:32,0,1,0
BRDA:36,1,0,1
BRDA:36,1,1,1
BRDA:64,2,0,0
BRDA:64,2,1,1
BRDA:73,3,0,1
BRDA:73,3,1,0
BRDA:75,4,0,1
BRDA:75,4,1,0
BRF:10
BRH:6
end_of_record
TN:
SF:server/ingredient/ingredient.js
FN:7,(anonymous_0)
FN:16,(anonymous_1)
FN:31,(anonymous_2)
FN:47,(anonymous_3)
FNF:4
FNH:0
FNDA:0,(anonymous_0)
FNDA:0,(anonymous_1)
FNDA:0,(anonymous_2)
FNDA:0,(anonymous_3)
DA:1,6
DA:2,6
DA:3,6
DA:4,6
DA:7,6
DA:8,0
DA:9,0
DA:11,0
DA:12,0
DA:16,0
DA:17,0
DA:18,0
DA:22,0
DA:23,0
DA:26,0
DA:27,0
DA:31,6
DA:32,0
DA:33,0
DA:40,0
DA:42,0
DA:47,6
DA:48,0
DA:49,0
DA:51,0
DA:52,0
DA:55,0
DA:62,0
DA:63,0
DA:66,0
DA:67,0
DA:72,0
DA:76,0
DA:81,0
DA:82,0
DA:83,0
DA:87,0
DA:90,0
DA:94,0
DA:98,0
DA:99,0
DA:103,0
DA:106,0
DA:111,0
DA:112,0
DA:116,6
LF:46
LH:8
BRDA:9,0,0,0
BRDA:9,0,1,0
BRDA:11,1,0,0
BRDA:11,1,1,0
BRDA:17,2,0,0
BRDA:17,2,1,0
BRDA:22,3,0,0
BRDA:22,3,1,0
BRDA:22,4,0,0
BRDA:22,4,1,0
BRDA:62,5,0,0
BRDA:62,5,1,0
BRDA:81,6,0,0
BRDA:81,6,1,0
BRDA:82,7,0,0
BRDA:82,7,1,0
BRDA:98,8,0,0
BRDA:98,8,1,0
BRF:18
BRH:0
end_of_record
TN:
SF:server/ingredient/ingredientRemove.js
FN:6,(anonymous_0)
FN:15,(anonymous_1)
FN:31,(anonymous_2)
FNF:3
FNH:0
FNDA:0,(anonymous_0)
FNDA:0,(anonymous_1)
FNDA:0,(anonymous_2)
DA:1,6
DA:2,6
DA:3,6
DA:4,6
DA:6,6
DA:7,0
DA:8,0
DA:10,0
DA:11,0
DA:15,0
DA:16,0
DA:17,0
DA:22,0
DA:23,0
DA:26,0
DA:27,0
DA:31,6
DA:32,0
DA:33,0
DA:34,0
DA:35,0
DA:39,0
DA:41,0
DA:42,0
DA:45,6
LF:25
LH:7
BRDA:8,0,0,0
BRDA:8,0,1,0
BRDA:10,1,0,0
BRDA:10,1,1,0
BRDA:16,2,0,0
BRDA:16,2,1,0
BRDA:22,3,0,0
BRDA:22,3,1,0
BRDA:22,4,0,0
BRDA:22,4,1,0
BRF:10
BRH:0
end_of_record
TN:
SF:server/ingredient/ingredientUpdate.js
FN:6,(anonymous_0)
FN:15,(anonymous_1)
FN:31,(anonymous_2)
FNF:3
FNH:0
FNDA:0,(anonymous_0)
FNDA:0,(anonymous_1)
FNDA:0,(anonymous_2)
DA:1,6
DA:2,6
DA:3,6
DA:4,6
DA:6,6
DA:7,0
DA:8,0
DA:10,0
DA:11,0
DA:15,0
DA:16,0
DA:17,0
DA:22,0
DA:23,0
DA:26,0
DA:27,0
DA:31,6
DA:32,0
DA:33,0
DA:34,0
DA:35,0
DA:39,0
DA:41,0
DA:42,0
DA:45,6
LF:25
LH:7
BRDA:8,0,0,0
BRDA:8,0,1,0
BRDA:10,1,0,0
BRDA:10,1,1,0
BRDA:16,2,0,0
BRDA:16,2,1,0
BRDA:22,3,0,0
BRDA:22,3,1,0
BRDA:22,4,0,0
BRDA:22,4,1,0
BRF:10
BRH:0
end_of_record
TN:
SF:server/ingredient/user_ingredient.js
FN:8,(anonymous_0)
FN:17,(anonymous_1)
FN:34,(anonymous_2)
FN:50,(anonymous_3)
FN:61,(anonymous_4)
FN:62,(anonymous_5)
FNF:6
FNH:0
FNDA:0,(anonymous_0)
FNDA:0,(anonymous_1)
FNDA:0,(anonymous_2)
FNDA:0,(anonymous_3)
FNDA:0,(anonymous_4)
FNDA:0,(anonymous_5)
DA:2,6
DA:3,6
DA:4,6
DA:5,6
DA:8,6
DA:9,0
DA:10,0
DA:12,0
DA:13,0
DA:17,0
DA:18,0
DA:19,0
DA:24,0
DA:25,0
DA:28,0
DA:29,0
DA:34,6
DA:35,0
DA:36,0
DA:38,0
DA:43,0
DA:45,0
DA:46,0
DA:50,0
DA:53,0
DA:58,0
DA:61,0
DA:62,0
DA:63,0
DA:72,0
DA:75,0
DA:76,0
DA:80,6
LF:33
LH:7
BRDA:10,0,0,0
BRDA:10,0,1,0
BRDA:12,1,0,0
BRDA:12,1,1,0
BRDA:18,2,0,0
BRDA:18,2,1,0
BRDA:24,3,0,0
BRDA:24,3,1,0
BRDA:24,4,0,0
BRDA:24,4,1,0
BRDA:45,5,0,0
BRDA:45,5,1,0
BRDA:64,6,0,0
BRDA:64,6,1,0
BRF:14
BRH:0
end_of_record
TN:
SF:server/nutrition/nutritionGet.js
FN:7,(anonymous_0)
FN:16,(anonymous_1)
FN:32,(anonymous_2)
FNF:3
FNH:3
FNDA:4,(anonymous_0)
FNDA:3,(anonymous_1)
FNDA:3,(anonymous_2)
DA:1,6
DA:2,6
DA:3,6
DA:4,6
DA:7,6
DA:8,4
DA:9,4
DA:11,4
DA:12,1
DA:16,3
DA:17,3
DA:18,0
DA:22,3
DA:23,0
DA:26,3
DA:27,3
DA:32,6
DA:33,3
DA:35,3
DA:37,3
DA:38,3
DA:39,2
DA:41,2
DA:42,2
DA:43,2
DA:45,2
DA:51,1
DA:54,6
LF:28
LH:26
BRDA:9,0,0,4
BRDA:9,0,1,3
BRDA:11,1,0,1
BRDA:11,1,1,3
BRDA:17,2,0,0
BRDA:17,2,1,3
BRDA:22,3,0,0
BRDA:22,3,1,3
BRDA:22,4,0,3
BRDA:22,4,1,3
BRF:10
BRH:8
end_of_record
TN:
SF:server/nutrition/nutritionUpdate.js
FN:7,(anonymous_0)
FN:16,(anonymous_1)
FN:32,(anonymous_2)
FNF:3
FNH:3
FNDA:5,(anonymous_0)
FNDA:5,(anonymous_1)
FNDA:4,(anonymous_2)
DA:1,6
DA:2,6
DA:3,6
DA:4,6
DA:7,6
DA:8,5
DA:9,5
DA:11,5
DA:12,0
DA:16,5
DA:17,5
DA:18,1
DA:22,4
DA:23,0
DA:26,4
DA:27,4
DA:32,6
DA:33,4
DA:34,4
DA:36,4
DA:37,4
DA:50,4
DA:63,2
DA:65,2
DA:68,6
LF:25
LH:23
BRDA:9,0,0,5
BRDA:9,0,1,5
BRDA:11,1,0,0
BRDA:11,1,1,5
BRDA:17,2,0,1
BRDA:17,2,1,4
BRDA:22,3,0,0
BRDA:22,3,1,4
BRDA:22,4,0,4
BRDA:22,4,1,4
BRDA:51,5,0,1
BRDA:51,5,1,2
BRDA:52,6,0,0
BRDA:52,6,1,3
BRDA:53,7,0,0
BRDA:53,7,1,3
BRDA:54,8,0,0
BRDA:54,8,1,3
BRDA:55,9,0,1
BRDA:55,9,1,2
BRDA:56,10,0,0
BRDA:56,10,1,3
BRDA:57,11,0,0
BRDA:57,11,1,3
BRDA:58,12,0,0
BRDA:58,12,1,3
BRF:26
BRH:18
end_of_record
TN:
SF:server/plan/planAdd.js
FN:7,(anonymous_0)
FN:16,(anonymous_1)
FN:31,(anonymous_2)
FN:76,(anonymous_3)
FNF:4
FNH:0
FNDA:0,(anonymous_0)
FNDA:0,(anonymous_1)
FNDA:0,(anonymous_2)
FNDA:0,(anonymous_3)
DA:1,6
DA:2,6
DA:3,6
DA:4,6
DA:7,6
DA:8,0
DA:9,0
DA:11,0
DA:12,0
DA:16,0
DA:17,0
DA:18,0
DA:22,0
DA:23,0
DA:26,0
DA:27,0
DA:31,6
DA:32,0
DA:33,0
DA:35,0
DA:37,0
DA:42,0
DA:43,0
DA:47,0
DA:53,0
DA:64,0
DA:65,0
DA:73,0
DA:74,0
DA:76,0
DA:77,0
DA:79,0
DA:80,0
DA:82,0
DA:83,0
DA:85,0
DA:86,0
DA:88,0
DA:89,0
DA:91,0
DA:92,0
DA:94,0
DA:95,0
DA:97,0
DA:98,0
DA:100,0
DA:101,0
DA:103,0
DA:108,0
DA:113,0
DA:114,0
DA:133,0
DA:135,0
DA:147,0
DA:173,0
DA:175,0
DA:176,0
DA:179,6
LF:58
LH:7
BRDA:9,0,0,0
BRDA:9,0,1,0
BRDA:11,1,0,0
BRDA:11,1,1,0
BRDA:17,2,0,0
BRDA:17,2,1,0
BRDA:22,3,0,0
BRDA:22,3,1,0
BRDA:22,4,0,0
BRDA:22,4,1,0
BRDA:42,5,0,0
BRDA:42,5,1,0
BRDA:77,6,0,0
BRDA:77,6,1,0
BRDA:77,6,2,0
BRDA:77,6,3,0
BRDA:77,6,4,0
BRDA:77,6,5,0
BRDA:77,6,6,0
BRDA:77,6,7,0
BRDA:77,6,8,0
BRDA:113,7,0,0
BRDA:113,7,1,0
BRDA:136,8,0,0
BRDA:136,8,1,0
BRDA:137,9,0,0
BRDA:137,9,1,0
BRDA:138,10,0,0
BRDA:138,10,1,0
BRDA:139,11,0,0
BRDA:139,11,1,0
BRDA:140,12,0,0
BRDA:140,12,1,0
BRDA:141,13,0,0
BRDA:141,13,1,0
BRDA:142,14,0,0
BRDA:142,14,1,0
BRDA:143,15,0,0
BRDA:143,15,1,0
BRF:39
BRH:0
end_of_record
TN:
SF:server/plan/planGet.js
FN:8,(anonymous_0)
FN:17,(anonymous_1)
FN:32,(anonymous_2)
FN:42,(anonymous_3)
FNF:4
FNH:4
FNDA:5,(anonymous_0)
FNDA:4,(anonymous_1)
FNDA:3,(anonymous_2)
FNDA:3,(anonymous_3)
DA:1,6
DA:2,6
DA:3,6
DA:4,6
DA:5,6
DA:8,6
DA:9,5
DA:10,5
DA:12,5
DA:13,1
DA:17,4
DA:18,4
DA:19,1
DA:23,3
DA:24,0
DA:27,3
DA:28,3
DA:32,6
DA:33,3
DA:35,3
DA:37,3
DA:42,3
DA:44,3
DA:45,1
DA:48,2
DA:50,2
DA:60,2
DA:61,1
DA:64,1
DA:66,1
DA:67,1
DA:71,6
LF:32
LH:31
BRDA:10,0,0,5
BRDA:10,0,1,4
BRDA:12,1,0,1
BRDA:12,1,1,4
BRDA:18,2,0,1
BRDA:18,2,1,3
BRDA:23,3,0,0
BRDA:23,3,1,3
BRDA:23,4,0,3
BRDA:23,4,1,3
BRDA:44,5,0,1
BRDA:44,5,1,2
BRF:12
BRH:11
end_of_record
TN:
SF:server/plan/planRemove.js
FN:7,(anonymous_0)
FN:16,(anonymous_1)
FN:31,(anonymous_2)
FNF:3
FNH:3
FNDA:3,(anonymous_0)
FNDA:3,(anonymous_1)
FNDA:3,(anonymous_2)
DA:1,6
DA:2,6
DA:3,6
DA:4,6
DA:7,6
DA:8,3
DA:9,3
DA:11,3
DA:12,0
DA:16,3
DA:17,3
DA:18,0
DA:22,3
DA:23,0
DA:26,3
DA:27,3
DA:31,6
DA:32,3
DA:33,3
DA:35,3
DA:37,3
DA:42,2
DA:44,1
DA:47,1
DA:51,1
DA:52,1
DA:55,6
LF:27
LH:24
BRDA:9,0,0,3
BRDA:9,0,1,3
BRDA:11,1,0,0
BRDA:11,1,1,3
BRDA:17,2,0,0
BRDA:17,2,1,3
BRDA:22,3,0,0
BRDA:22,3,1,3
BRDA:22,4,0,3
BRDA:22,4,1,3
BRDA:42,5,0,1
BRDA:42,5,1,1
BRF:12
BRH:9
end_of_record
